18:35:25.296 [main                     ] DEBUG Logger               - Configured Logger
18:35:25.348 [main                     ] DEBUG GameApplication      - Logging settings
Title: Mi Primer Juego FXGL
Version: 0.1
Width: 800
Height: 600
Fullscreen: false
Intro: false
Profiling: false
Single step:false
App Mode: DEVELOPER
Menu Key: ESCAPE
Stage Style: DECORATED
Scene Factory: class com.almasb.fxgl.app.scene.SceneFactory

18:35:26.146 [JavaFX Application Thread] DEBUG FXGLApplication      - Initializing FXGL
18:35:26.156 [JavaFX Application Thread] INFO  Engine               - FXGL-17.3 (30.03.2023 11.49) on WINDOWS (J:22.0.1 FX:22.0.1)
18:35:26.157 [JavaFX Application Thread] DEBUG Engine               - JRE Vendor Name: Oracle Corporation
18:35:26.158 [JavaFX Application Thread] DEBUG Engine               - Running on OS: Windows 10 version 10.0
18:35:26.158 [JavaFX Application Thread] DEBUG Engine               - Architecture: amd64
18:35:26.158 [JavaFX Application Thread] INFO  Engine               - Source code and latest versions at: https://github.com/AlmasB/FXGL
18:35:26.159 [JavaFX Application Thread] INFO  Engine               -       Ask questions and discuss at: https://github.com/AlmasB/FXGL/discussions
18:35:26.159 [JavaFX Application Thread] INFO  Engine               -              Join the FXGL chat at: https://gitter.im/AlmasB/FXGL
18:35:26.387 [JavaFX Application Thread] DEBUG PrimaryStageWindow   - Creating a JavaFX scene
18:35:26.495 [JavaFX Application Thread] DEBUG PrimaryStageWindow   - Target settings size: 800.0 x 600.0
18:35:26.496 [JavaFX Application Thread] DEBUG PrimaryStageWindow   - Scaled scene size:    800.0 x 600.0
18:35:26.496 [JavaFX Application Thread] DEBUG PrimaryStageWindow   - Scaled ratio: (1.0, 1.0)
18:35:26.499 [JavaFX Application Thread] DEBUG PrimaryStageWindow   - Set initial scene to FXGLStartupScene
18:35:26.506 [JavaFX Application Thread] DEBUG PrimaryStageWindow   - Opening main window
18:35:27.100 [JavaFX Application Thread] DEBUG PrimaryStageWindow   - Window border size: (14.66668701171875, 37.33331298828125)
18:35:27.101 [JavaFX Application Thread] DEBUG PrimaryStageWindow   - Scaled size: 800.0 x 600.0
18:35:27.102 [JavaFX Application Thread] DEBUG PrimaryStageWindow   - Scaled ratio: (1.0, 1.0)
18:35:27.102 [JavaFX Application Thread] DEBUG PrimaryStageWindow   - Scene size: 800.0 x 600.0
18:35:27.103 [JavaFX Application Thread] DEBUG PrimaryStageWindow   - Stage size: 814.6666870117188 x 637.3333129882812
18:35:27.119 [FXGL Background Thread 1 ] DEBUG Engine               - Initializing environment variables
18:35:27.258 [FXGL Background Thread 1 ] DEBUG FXGLAssetLoaderServi - User app class for loading assets: class org.example.demo1.app.MainGame
18:35:27.258 [FXGL Background Thread 1 ] DEBUG GameApplicationServi - Applying CSS: fxgl_dark.css
18:35:27.261 [FXGL Background Thread 1 ] DEBUG FXGLAssetLoaderServi - Loading from file system: jar:file:///C:/Users/Pc/.m2/repository/com/github/almasb/fxgl/17.3/fxgl-17.3.jar!/fxglassets/ui/css/fxgl_dark.css
18:35:27.380 [FXGL Background Thread 1 ] DEBUG GameApplicationServi - Initializing application scenes
18:35:27.555 [FXGL Background Thread 1 ] DEBUG GameWorld            - Game world initialized
18:35:27.662 [FXGL Background Thread 1 ] DEBUG PhysicsWorld         - Physics world initialized: appHeight=600, physics.ppm=50.0
18:35:27.663 [FXGL Background Thread 1 ] DEBUG PhysicsWorld         - Using strategy: BRUTE_FORCE
18:35:27.671 [FXGL Background Thread 1 ] DEBUG GameScene            - Game scene initialized: 800x600
18:35:27.692 [FXGL Background Thread 1 ] DEBUG FXGL.DefaultMenu     - createMenuBodyGameMenu()
18:35:27.727 [FXGL Background Thread 1 ] DEBUG FXGL.DefaultMenu     - createOptionsMenu()
18:35:27.751 [FXGL Background Thread 1 ] DEBUG FXGLAssetLoaderServi - Loading from file system: jar:file:///C:/Users/Pc/.m2/repository/com/github/almasb/fxgl/17.3/fxgl-17.3.jar!/fxglassets/textures/particles/smoke.png
18:35:27.924 [FXGL Background Thread 1 ] DEBUG FXGLAssetLoaderServi - Loading from file system: jar:file:///C:/Users/Pc/.m2/repository/com/github/almasb/fxgl/17.3/fxgl-17.3.jar!/fxglassets/textures/particles/trace_horizontal.png
18:35:27.976 [FXGL Background Thread 1 ] DEBUG GameApplicationServi - Application scenes initialized
18:35:28.006 [FXGL Background Thread 1 ] DEBUG SystemBundleService  - Loading FXGL system data
18:35:28.016 [FXGL Background Thread 1 ] DEBUG FileSystemAccess     - Reading from: C:\Users\Pc\Programación\demo1\system\fxgl.bundle
18:35:28.030 [FXGL Background Thread 1 ] DEBUG SystemBundleService  - Bundle FXGL: {}
18:35:28.031 [FXGL Background Thread 1 ] DEBUG UpdaterService       - Checking for updates
18:35:28.040 [FXGL Background Thread 4 ] DEBUG FXGLApplication      - Loading fonts
18:35:28.042 [FXGL Background Thread 1 ] DEBUG FXGLApplication      - Loading default localization
18:35:28.043 [FXGL Background Thread 1 ] DEBUG FXGLAssetLoaderServi - Loading from file system: jar:file:///C:/Users/Pc/.m2/repository/com/github/almasb/fxgl/17.3/fxgl-17.3.jar!/fxglassets/languages/english.lang
18:35:28.047 [FXGL Background Thread 4 ] DEBUG FXGLAssetLoaderServi - Loading from file system: jar:file:///C:/Users/Pc/.m2/repository/com/github/almasb/fxgl/17.3/fxgl-17.3.jar!/fxglassets/ui/fonts/VarelaRound-Regular.ttf
18:35:28.090 [FXGL Background Thread 1 ] INFO  FXGLApplication      - FXGL initialization took: 0.971 sec
18:35:28.100 [JavaFX Application Thread] DEBUG Input                - Registered new binding: action0 - LMB
18:35:28.101 [JavaFX Application Thread] DEBUG FXGLAssetLoaderServi - Loading from file system: jar:file:///C:/Users/Pc/.m2/repository/com/github/almasb/fxgl/17.3/fxgl-17.3.jar!/fxglassets/textures/fxgl_icon.png
18:35:28.119 [FXGL Background Thread 4 ] DEBUG FXGLAssetLoaderServi - Loading from file system: jar:file:///C:/Users/Pc/.m2/repository/com/github/almasb/fxgl/17.3/fxgl-17.3.jar!/fxglassets/ui/fonts/Abel-Regular.ttf
18:35:28.128 [FXGL Background Thread 4 ] DEBUG FXGLAssetLoaderServi - Loading from file system: jar:file:///C:/Users/Pc/.m2/repository/com/github/almasb/fxgl/17.3/fxgl-17.3.jar!/fxglassets/ui/fonts/TerminalLandMono-Regular.otf
18:35:28.137 [FXGL Background Thread 4 ] DEBUG FXGLAssetLoaderServi - Loading from file system: jar:file:///C:/Users/Pc/.m2/repository/com/github/almasb/fxgl/17.3/fxgl-17.3.jar!/fxglassets/ui/fonts/Courier-Prime.ttf
18:35:28.176 [JavaFX Application Thread] DEBUG FXGLAssetLoaderServi - Loading from file system: jar:file:///C:/Users/Pc/.m2/repository/com/github/almasb/fxgl/17.3/fxgl-17.3.jar!/fxglassets/textures/fxgl_default_cursor.png
18:35:28.195 [JavaFX Application Thread] DEBUG Input                - Registered new binding: Screenshot - CTRL+8
18:35:28.197 [JavaFX Application Thread] DEBUG Input                - Registered new binding: System info dump - CTRL+9
18:35:28.201 [JavaFX Application Thread] DEBUG Input                - Registered new binding: Restart - CTRL+R
18:35:28.202 [JavaFX Application Thread] DEBUG Input                - Registered new binding: Toggle Debug Camera - CTRL+7
18:35:28.213 [JavaFX Application Thread] DEBUG LoopRunner           - Starting loop
18:35:28.214 [JavaFX Application Thread] DEBUG LoopRunner           - Initializing JavaFX AnimationTimerLoop
18:35:28.219 [JavaFX Application Thread] DEBUG GameApplicationServi - Starting new game
18:35:28.221 [JavaFX Application Thread] DEBUG Input                - Clearing active input actions
18:35:28.259 [JavaFX Application Thread] DEBUG GameApplicationServi - Removing overlay from FXGLStartupScene and adding to FXGLLoadingScene
18:35:28.260 [JavaFX Application Thread] DEBUG PrimaryStageWindow   - FXGLStartupScene -> FXGLLoadingScene
18:35:28.260 [JavaFX Application Thread] DEBUG GameApplicationServi - Clearing previous game
18:35:28.260 [JavaFX Application Thread] DEBUG GameScene            - Clearing game scene
18:35:28.260 [JavaFX Application Thread] DEBUG GameWorld            - Clearing game world
18:35:28.261 [JavaFX Application Thread] DEBUG PhysicsWorld         - Clearing physics world
18:35:28.263 [FXGL Background Thread 4 ] DEBUG FXGLApplication      - Initializing game
18:35:28.264 [JavaFX Application Thread] DEBUG FXGLApplication      - Registering font factories with UI factory
18:35:28.351 [FXGL Background Thread 4 ] INFO  FXGLApplication      - Game initialization took: 0.087 sec
18:35:28.361 [JavaFX Application Thread] DEBUG Input                - Clearing active input actions
18:35:28.378 [JavaFX Application Thread] DEBUG GameApplicationServi - Removing overlay from FXGLLoadingScene and adding to GameScene
18:35:28.378 [JavaFX Application Thread] DEBUG PrimaryStageWindow   - FXGLLoadingScene -> GameScene
18:35:29.121 [FXGL Background Thread 2 ] INFO  UpdaterService       - Your current version:  17.3
18:35:29.121 [FXGL Background Thread 2 ] INFO  UpdaterService       - Latest stable version: 21.1
18:35:31.037 [FXGL Background Thread 3 ] DEBUG Engine               - Logging environment variables
18:35:31.039 [FXGL Background Thread 3 ] DEBUG Engine               - achievements: []
18:35:31.039 [FXGL Background Thread 3 ] DEBUG Engine               - actualHeight: 600.0
18:35:31.039 [FXGL Background Thread 3 ] DEBUG Engine               - actualHeightProperty: ReadOnlyDoubleProperty [value: 600.0]
18:35:31.040 [FXGL Background Thread 3 ] DEBUG Engine               - actualWidth: 800.0
18:35:31.040 [FXGL Background Thread 3 ] DEBUG Engine               - actualWidthProperty: ReadOnlyDoubleProperty [value: 800.0]
18:35:31.040 [FXGL Background Thread 3 ] DEBUG Engine               - appIcon: fxgl_icon.png
18:35:31.040 [FXGL Background Thread 3 ] DEBUG Engine               - applicationMode: DEVELOPER
18:35:31.040 [FXGL Background Thread 3 ] DEBUG Engine               - cSSList: [fxgl_dark.css]
18:35:31.040 [FXGL Background Thread 3 ] DEBUG Engine               - collisionDetectionStrategy: BRUTE_FORCE
18:35:31.040 [FXGL Background Thread 3 ] DEBUG Engine               - configClass: Optional.empty
18:35:31.040 [FXGL Background Thread 3 ] DEBUG Engine               - credits: []
18:35:31.041 [FXGL Background Thread 3 ] DEBUG Engine               - defaultCursor: CursorInfo(imageName=fxgl_default_cursor.png, hotspotX=7.0, hotspotY=6.0)
18:35:31.041 [FXGL Background Thread 3 ] DEBUG Engine               - devBBoxColorProperty: ObjectProperty [value: 0xff0000ff]
18:35:31.042 [FXGL Background Thread 3 ] DEBUG Engine               - devEnableDebugCameraProperty: BooleanProperty [value: false]
18:35:31.043 [FXGL Background Thread 3 ] DEBUG Engine               - devSensorColorProperty: ObjectProperty [value: 0xffff00ff]
18:35:31.044 [FXGL Background Thread 3 ] DEBUG Engine               - devShowBBoxProperty: BooleanProperty [value: false]
18:35:31.044 [FXGL Background Thread 3 ] DEBUG Engine               - devShowPositionProperty: BooleanProperty [value: false]
18:35:31.044 [FXGL Background Thread 3 ] DEBUG Engine               - enabledMenuItems: []
18:35:31.045 [FXGL Background Thread 3 ] DEBUG Engine               - engineServices: [class com.almasb.fxgl.app.services.FXGLAssetLoaderService, class com.almasb.fxgl.app.FXGLApplication$GameApplicationService, class com.almasb.fxgl.app.services.FXGLDialogService, class com.almasb.fxgl.app.services.IOTaskExecutorService, class com.almasb.fxgl.io.FileSystemService, class com.almasb.fxgl.localization.LocalizationService, class com.almasb.fxgl.app.services.SystemBundleService, class com.almasb.fxgl.profile.SaveLoadService, class com.almasb.fxgl.ui.FXGLUIFactoryServiceProvider, class com.almasb.fxgl.ui.FXGLDialogFactoryServiceProvider, class com.almasb.fxgl.audio.AudioPlayer, class com.almasb.fxgl.notification.impl.NotificationServiceProvider, class com.almasb.fxgl.achievement.AchievementService, class com.almasb.fxgl.cutscene.CutsceneService, class com.almasb.fxgl.minigames.MiniGameService, class com.almasb.fxgl.net.NetService, class com.almasb.fxgl.app.services.UpdaterService, class com.almasb.fxgl.dev.DevService]
18:35:31.045 [FXGL Background Thread 3 ] DEBUG Engine               - fontGame: Abel-Regular.ttf
18:35:31.045 [FXGL Background Thread 3 ] DEBUG Engine               - fontMono: TerminalLandMono-Regular.otf
18:35:31.045 [FXGL Background Thread 3 ] DEBUG Engine               - fontSizeScaleUI: 1.0
18:35:31.045 [FXGL Background Thread 3 ] DEBUG Engine               - fontText: Courier-Prime.ttf
18:35:31.045 [FXGL Background Thread 3 ] DEBUG Engine               - fontUI: VarelaRound-Regular.ttf
18:35:31.045 [FXGL Background Thread 3 ] DEBUG Engine               - fullScreen: BooleanProperty [value: false]
18:35:31.045 [FXGL Background Thread 3 ] DEBUG Engine               - gameDifficulty: MEDIUM
18:35:31.045 [FXGL Background Thread 3 ] DEBUG Engine               - gameDifficultyProperty: ObjectProperty [value: MEDIUM]
18:35:31.045 [FXGL Background Thread 3 ] DEBUG Engine               - globalMusicVolume: 0.5
18:35:31.046 [FXGL Background Thread 3 ] DEBUG Engine               - globalMusicVolumeProperty: DoubleProperty [value: 0.5]
18:35:31.046 [FXGL Background Thread 3 ] DEBUG Engine               - globalSoundVolume: 0.5
18:35:31.046 [FXGL Background Thread 3 ] DEBUG Engine               - globalSoundVolumeProperty: DoubleProperty [value: 0.5]
18:35:31.046 [FXGL Background Thread 3 ] DEBUG Engine               - height: 600
18:35:31.046 [FXGL Background Thread 3 ] DEBUG Engine               - is3D: false
18:35:31.046 [FXGL Background Thread 3 ] DEBUG Engine               - isAndroid: false
18:35:31.046 [FXGL Background Thread 3 ] DEBUG Engine               - isBrowser: false
18:35:31.046 [FXGL Background Thread 3 ] DEBUG Engine               - isClickFeedbackEnabled: false
18:35:31.046 [FXGL Background Thread 3 ] DEBUG Engine               - isCloseConfirmation: false
18:35:31.046 [FXGL Background Thread 3 ] DEBUG Engine               - isDesktop: true
18:35:31.046 [FXGL Background Thread 3 ] DEBUG Engine               - isDeveloperMenuEnabled: false
18:35:31.046 [FXGL Background Thread 3 ] DEBUG Engine               - isEmbedded: false
18:35:31.047 [FXGL Background Thread 3 ] DEBUG Engine               - isEntityPreloadEnabled: true
18:35:31.047 [FXGL Background Thread 3 ] DEBUG Engine               - isExperimentalTiledLargeMap: false
18:35:31.047 [FXGL Background Thread 3 ] DEBUG Engine               - isFileSystemWriteAllowed: true
18:35:31.047 [FXGL Background Thread 3 ] DEBUG Engine               - isFullScreenAllowed: false
18:35:31.047 [FXGL Background Thread 3 ] DEBUG Engine               - isFullScreenFromStart: false
18:35:31.047 [FXGL Background Thread 3 ] DEBUG Engine               - isGameMenuEnabled: true
18:35:31.047 [FXGL Background Thread 3 ] DEBUG Engine               - isIOS: false
18:35:31.047 [FXGL Background Thread 3 ] DEBUG Engine               - isIntroEnabled: false
18:35:31.047 [FXGL Background Thread 3 ] DEBUG Engine               - isLinux: false
18:35:31.047 [FXGL Background Thread 3 ] DEBUG Engine               - isMac: false
18:35:31.047 [FXGL Background Thread 3 ] DEBUG Engine               - isMainMenuEnabled: false
18:35:31.047 [FXGL Background Thread 3 ] DEBUG Engine               - isManualResizeEnabled: false
18:35:31.047 [FXGL Background Thread 3 ] DEBUG Engine               - isMobile: false
18:35:31.047 [FXGL Background Thread 3 ] DEBUG Engine               - isNative: false
18:35:31.047 [FXGL Background Thread 3 ] DEBUG Engine               - isPauseMusicWhenMinimized: true
18:35:31.048 [FXGL Background Thread 3 ] DEBUG Engine               - isPreserveResizeRatio: false
18:35:31.048 [FXGL Background Thread 3 ] DEBUG Engine               - isProfilingEnabled: false
18:35:31.048 [FXGL Background Thread 3 ] DEBUG Engine               - isScaleAffectedOnResize: true
18:35:31.048 [FXGL Background Thread 3 ] DEBUG Engine               - isSingleStep: false
18:35:31.048 [FXGL Background Thread 3 ] DEBUG Engine               - isUserProfileEnabled: false
18:35:31.048 [FXGL Background Thread 3 ] DEBUG Engine               - isWindows: true
18:35:31.048 [FXGL Background Thread 3 ] DEBUG Engine               - language: ObjectProperty [value: ENGLISH]
18:35:31.048 [FXGL Background Thread 3 ] DEBUG Engine               - menuKey: ESCAPE
18:35:31.048 [FXGL Background Thread 3 ] DEBUG Engine               - mouseSensitivity: 0.2
18:35:31.048 [FXGL Background Thread 3 ] DEBUG Engine               - notificationViewClass: class com.almasb.fxgl.notification.view.XboxNotificationView
18:35:31.048 [FXGL Background Thread 3 ] DEBUG Engine               - pixelsPerMeter: 50.0
18:35:31.048 [FXGL Background Thread 3 ] DEBUG Engine               - platform: WINDOWS
18:35:31.048 [FXGL Background Thread 3 ] DEBUG Engine               - prefHeightProperty: ReadOnlyDoubleProperty [value: 600.0]
18:35:31.048 [FXGL Background Thread 3 ] DEBUG Engine               - prefWidthProperty: ReadOnlyDoubleProperty [value: 800.0]
18:35:31.049 [FXGL Background Thread 3 ] DEBUG Engine               - profileDir: profiles/
18:35:31.049 [FXGL Background Thread 3 ] DEBUG Engine               - profileName: StringProperty [value: DEFAULT]
18:35:31.049 [FXGL Background Thread 3 ] DEBUG Engine               - randomSeed: -1
18:35:31.049 [FXGL Background Thread 3 ] DEBUG Engine               - runtimeInfo: RuntimeInfo(platform=WINDOWS, version=17.3, build=30.03.2023 11.49)
18:35:31.049 [FXGL Background Thread 3 ] DEBUG Engine               - saveFileExt: sav
18:35:31.049 [FXGL Background Thread 3 ] DEBUG Engine               - scaledHeightProp$fxgl: DoubleProperty [bound, value: 600.0]
18:35:31.050 [FXGL Background Thread 3 ] DEBUG Engine               - scaledWidthProp$fxgl: DoubleProperty [bound, value: 800.0]
18:35:31.050 [FXGL Background Thread 3 ] DEBUG Engine               - sceneFactory: com.almasb.fxgl.app.scene.SceneFactory@5720e0ad
18:35:31.050 [FXGL Background Thread 3 ] DEBUG Engine               - secondsIn24h: 60
18:35:31.050 [FXGL Background Thread 3 ] DEBUG Engine               - soundMenuBack: menu/back.wav
18:35:31.050 [FXGL Background Thread 3 ] DEBUG Engine               - soundMenuPress: menu/press.wav
18:35:31.050 [FXGL Background Thread 3 ] DEBUG Engine               - soundMenuSelect: menu/select.wav
18:35:31.050 [FXGL Background Thread 3 ] DEBUG Engine               - soundNotification: core/notification.wav
18:35:31.050 [FXGL Background Thread 3 ] DEBUG Engine               - stageStyle: DECORATED
18:35:31.050 [FXGL Background Thread 3 ] DEBUG Engine               - supportedLanguages: [ENGLISH, FRENCH, GERMAN, HUNGARIAN, RUSSIAN]
18:35:31.050 [FXGL Background Thread 3 ] DEBUG Engine               - ticksPerSecond: -1
18:35:31.050 [FXGL Background Thread 3 ] DEBUG Engine               - title: Mi Primer Juego FXGL
18:35:31.050 [FXGL Background Thread 3 ] DEBUG Engine               - urlGithub: https://github.com/AlmasB/FXGL
18:35:31.050 [FXGL Background Thread 3 ] DEBUG Engine               - urlLeaderboard: http://fxgl-top.herokuapp.com/
18:35:31.050 [FXGL Background Thread 3 ] DEBUG Engine               - urlPOM: https://raw.githubusercontent.com/AlmasB/FXGL/release/README.md
18:35:31.050 [FXGL Background Thread 3 ] DEBUG Engine               - userAppClass: class org.example.demo1.app.MainGame
18:35:31.051 [FXGL Background Thread 3 ] DEBUG Engine               - version: 0.1
18:35:31.051 [FXGL Background Thread 3 ] DEBUG Engine               - versionCheckDays: 7
18:35:31.051 [FXGL Background Thread 3 ] DEBUG Engine               - width: 800
18:35:31.051 [FXGL Background Thread 3 ] DEBUG Engine               - Logging services
18:35:31.051 [FXGL Background Thread 3 ] DEBUG Engine               - class com.almasb.fxgl.app.services.FXGLAssetLoaderService
18:35:31.051 [FXGL Background Thread 3 ] DEBUG Engine               - class com.almasb.fxgl.app.FXGLApplication$GameApplicationService
18:35:31.051 [FXGL Background Thread 3 ] DEBUG Engine               - class com.almasb.fxgl.app.services.FXGLDialogService
18:35:31.051 [FXGL Background Thread 3 ] DEBUG Engine               - class com.almasb.fxgl.app.services.IOTaskExecutorService
18:35:31.051 [FXGL Background Thread 3 ] DEBUG Engine               - class com.almasb.fxgl.io.FileSystemService
18:35:31.051 [FXGL Background Thread 3 ] DEBUG Engine               - class com.almasb.fxgl.localization.LocalizationService
18:35:31.051 [FXGL Background Thread 3 ] DEBUG Engine               - class com.almasb.fxgl.app.services.SystemBundleService
18:35:31.051 [FXGL Background Thread 3 ] DEBUG Engine               - class com.almasb.fxgl.profile.SaveLoadService
18:35:31.051 [FXGL Background Thread 3 ] DEBUG Engine               - class com.almasb.fxgl.ui.FXGLUIFactoryServiceProvider
18:35:31.051 [FXGL Background Thread 3 ] DEBUG Engine               - class com.almasb.fxgl.ui.FXGLDialogFactoryServiceProvider
18:35:31.052 [FXGL Background Thread 3 ] DEBUG Engine               - class com.almasb.fxgl.audio.AudioPlayer
18:35:31.052 [FXGL Background Thread 3 ] DEBUG Engine               - class com.almasb.fxgl.notification.impl.NotificationServiceProvider
18:35:31.052 [FXGL Background Thread 3 ] DEBUG Engine               - class com.almasb.fxgl.achievement.AchievementService
18:35:31.052 [FXGL Background Thread 3 ] DEBUG Engine               - class com.almasb.fxgl.cutscene.CutsceneService
18:35:31.052 [FXGL Background Thread 3 ] DEBUG Engine               - class com.almasb.fxgl.minigames.MiniGameService
18:35:31.052 [FXGL Background Thread 3 ] DEBUG Engine               - class com.almasb.fxgl.net.NetService
18:35:31.052 [FXGL Background Thread 3 ] DEBUG Engine               - class com.almasb.fxgl.app.services.UpdaterService
18:35:31.052 [FXGL Background Thread 3 ] DEBUG Engine               - class com.almasb.fxgl.dev.DevService
18:35:38.712 [JavaFX Application Thread] DEBUG PrimaryStageWindow   - Push state: DialogSubScene
18:35:38.712 [JavaFX Application Thread] DEBUG Input                - Clearing active input actions
18:35:38.724 [JavaFX Application Thread] DEBUG GameApplicationServi - Removing overlay from GameScene and adding to DialogSubScene
18:35:38.724 [JavaFX Application Thread] DEBUG PrimaryStageWindow   - GameScene -> DialogSubScene
18:35:39.795 [JavaFX Application Thread] DEBUG PrimaryStageWindow   - Pop state: DialogSubScene
18:35:39.795 [JavaFX Application Thread] DEBUG Input                - Clearing active input actions
18:35:39.797 [JavaFX Application Thread] DEBUG GameApplicationServi - Removing overlay from DialogSubScene and adding to GameScene
18:35:39.798 [JavaFX Application Thread] DEBUG PrimaryStageWindow   - GameScene <- DialogSubScene
18:35:39.798 [JavaFX Application Thread] DEBUG GameApplicationServi - Starting new game
18:35:39.798 [JavaFX Application Thread] DEBUG Input                - Clearing active input actions
18:35:39.829 [JavaFX Application Thread] DEBUG GameApplicationServi - Removing overlay from GameScene and adding to FXGLLoadingScene
18:35:39.830 [JavaFX Application Thread] DEBUG PrimaryStageWindow   - GameScene -> FXGLLoadingScene
18:35:39.830 [JavaFX Application Thread] DEBUG GameApplicationServi - Clearing previous game
18:35:39.830 [JavaFX Application Thread] DEBUG GameScene            - Clearing game scene
18:35:39.830 [JavaFX Application Thread] DEBUG GameWorld            - Clearing game world
18:35:39.835 [JavaFX Application Thread] DEBUG PhysicsWorld         - Clearing physics world
18:35:39.836 [FXGL Background Thread 2 ] DEBUG FXGLApplication      - Initializing game
18:35:39.844 [FXGL Background Thread 2 ] INFO  FXGLApplication      - Game initialization took: 0.008 sec
18:35:39.858 [JavaFX Application Thread] DEBUG Input                - Clearing active input actions
18:35:39.872 [JavaFX Application Thread] DEBUG GameApplicationServi - Removing overlay from FXGLLoadingScene and adding to GameScene
18:35:39.873 [JavaFX Application Thread] DEBUG PrimaryStageWindow   - FXGLLoadingScene -> GameScene
18:35:41.848 [JavaFX Application Thread] DEBUG FXGLApplication      - Exiting FXGL
18:35:41.848 [JavaFX Application Thread] DEBUG LoopRunner           - Stopping loop
18:35:41.849 [JavaFX Application Thread] DEBUG SystemBundleService  - Saving FXGL system data
18:35:41.855 [JavaFX Application Thread] DEBUG FileSystemAccess     - Writing to: C:\Users\Pc\Programación\demo1\system\fxgl.bundle
18:35:41.860 [JavaFX Application Thread] DEBUG Async                - Shutting down background threads
18:35:41.861 [JavaFX Application Thread] DEBUG PrimaryStageWindow   - Closing main window
18:35:41.895 [JavaFX Application Thread] DEBUG Logger               - Closing Logger
