19:23:54.873 [main                     ] DEBUG Logger               - Configured Logger
19:23:54.922 [main                     ] DEBUG GameApplication      - Logging settings
Title: Mi Primer Juego FXGL
Version: 0.1
Width: 800
Height: 600
Fullscreen: false
Intro: false
Profiling: false
Single step:false
App Mode: DEVELOPER
Menu Key: ESCAPE
Stage Style: DECORATED
Scene Factory: class com.almasb.fxgl.app.scene.SceneFactory

19:23:55.717 [JavaFX Application Thread] DEBUG FXGLApplication      - Initializing FXGL
19:23:55.727 [JavaFX Application Thread] INFO  Engine               - FXGL-17.3 (30.03.2023 11.49) on WINDOWS (J:22.0.1 FX:22.0.1)
19:23:55.728 [JavaFX Application Thread] DEBUG Engine               - JRE Vendor Name: Oracle Corporation
19:23:55.728 [JavaFX Application Thread] DEBUG Engine               - Running on OS: Windows 10 version 10.0
19:23:55.729 [JavaFX Application Thread] DEBUG Engine               - Architecture: amd64
19:23:55.729 [JavaFX Application Thread] INFO  Engine               - Source code and latest versions at: https://github.com/AlmasB/FXGL
19:23:55.730 [JavaFX Application Thread] INFO  Engine               -       Ask questions and discuss at: https://github.com/AlmasB/FXGL/discussions
19:23:55.730 [JavaFX Application Thread] INFO  Engine               -              Join the FXGL chat at: https://gitter.im/AlmasB/FXGL
19:23:55.933 [JavaFX Application Thread] DEBUG PrimaryStageWindow   - Creating a JavaFX scene
19:23:56.050 [JavaFX Application Thread] DEBUG PrimaryStageWindow   - Target settings size: 800.0 x 600.0
19:23:56.050 [JavaFX Application Thread] DEBUG PrimaryStageWindow   - Scaled scene size:    800.0 x 600.0
19:23:56.051 [JavaFX Application Thread] DEBUG PrimaryStageWindow   - Scaled ratio: (1.0, 1.0)
19:23:56.053 [JavaFX Application Thread] DEBUG PrimaryStageWindow   - Set initial scene to FXGLStartupScene
19:23:56.060 [JavaFX Application Thread] DEBUG PrimaryStageWindow   - Opening main window
19:23:56.634 [JavaFX Application Thread] DEBUG PrimaryStageWindow   - Window border size: (14.66668701171875, 37.33331298828125)
19:23:56.634 [JavaFX Application Thread] DEBUG PrimaryStageWindow   - Scaled size: 800.0 x 600.0
19:23:56.635 [JavaFX Application Thread] DEBUG PrimaryStageWindow   - Scaled ratio: (1.0, 1.0)
19:23:56.635 [JavaFX Application Thread] DEBUG PrimaryStageWindow   - Scene size: 800.0 x 600.0
19:23:56.636 [JavaFX Application Thread] DEBUG PrimaryStageWindow   - Stage size: 814.6666870117188 x 637.3333129882812
19:23:56.656 [FXGL Background Thread 1 ] DEBUG Engine               - Initializing environment variables
19:23:56.788 [FXGL Background Thread 1 ] DEBUG FXGLAssetLoaderServi - User app class for loading assets: class org.example.demo1.app.MainGame
19:23:56.789 [FXGL Background Thread 1 ] DEBUG GameApplicationServi - Applying CSS: fxgl_dark.css
19:23:56.791 [FXGL Background Thread 1 ] DEBUG FXGLAssetLoaderServi - Loading from file system: jar:file:///C:/Users/Pc/.m2/repository/com/github/almasb/fxgl/17.3/fxgl-17.3.jar!/fxglassets/ui/css/fxgl_dark.css
19:23:56.904 [FXGL Background Thread 1 ] DEBUG GameApplicationServi - Initializing application scenes
19:23:57.056 [FXGL Background Thread 1 ] DEBUG GameWorld            - Game world initialized
19:23:57.167 [FXGL Background Thread 1 ] DEBUG PhysicsWorld         - Physics world initialized: appHeight=600, physics.ppm=50.0
19:23:57.168 [FXGL Background Thread 1 ] DEBUG PhysicsWorld         - Using strategy: BRUTE_FORCE
19:23:57.176 [FXGL Background Thread 1 ] DEBUG GameScene            - Game scene initialized: 800x600
19:23:57.204 [FXGL Background Thread 1 ] DEBUG FXGL.DefaultMenu     - createMenuBodyGameMenu()
19:23:57.236 [FXGL Background Thread 1 ] DEBUG FXGL.DefaultMenu     - createOptionsMenu()
19:23:57.261 [FXGL Background Thread 1 ] DEBUG FXGLAssetLoaderServi - Loading from file system: jar:file:///C:/Users/Pc/.m2/repository/com/github/almasb/fxgl/17.3/fxgl-17.3.jar!/fxglassets/textures/particles/smoke.png
19:23:57.444 [FXGL Background Thread 1 ] DEBUG FXGLAssetLoaderServi - Loading from file system: jar:file:///C:/Users/Pc/.m2/repository/com/github/almasb/fxgl/17.3/fxgl-17.3.jar!/fxglassets/textures/particles/trace_horizontal.png
19:23:57.501 [FXGL Background Thread 1 ] DEBUG GameApplicationServi - Application scenes initialized
19:23:57.533 [FXGL Background Thread 1 ] DEBUG SystemBundleService  - Loading FXGL system data
19:23:57.543 [FXGL Background Thread 1 ] DEBUG FileSystemAccess     - Reading from: C:\Users\Pc\Programación\demo1\system\fxgl.bundle
19:23:57.560 [FXGL Background Thread 1 ] DEBUG SystemBundleService  - Bundle FXGL: {}
19:23:57.560 [FXGL Background Thread 1 ] DEBUG UpdaterService       - Checking for updates
19:23:57.572 [FXGL Background Thread 1 ] DEBUG FXGLApplication      - Loading default localization
19:23:57.573 [FXGL Background Thread 1 ] DEBUG FXGLAssetLoaderServi - Loading from file system: jar:file:///C:/Users/Pc/.m2/repository/com/github/almasb/fxgl/17.3/fxgl-17.3.jar!/fxglassets/languages/english.lang
19:23:57.573 [FXGL Background Thread 4 ] DEBUG FXGLApplication      - Loading fonts
19:23:57.575 [FXGL Background Thread 4 ] DEBUG FXGLAssetLoaderServi - Loading from file system: jar:file:///C:/Users/Pc/.m2/repository/com/github/almasb/fxgl/17.3/fxgl-17.3.jar!/fxglassets/ui/fonts/VarelaRound-Regular.ttf
19:23:57.628 [FXGL Background Thread 1 ] INFO  FXGLApplication      - FXGL initialization took: 0.972 sec
19:23:57.636 [FXGL Background Thread 4 ] DEBUG FXGLAssetLoaderServi - Loading from file system: jar:file:///C:/Users/Pc/.m2/repository/com/github/almasb/fxgl/17.3/fxgl-17.3.jar!/fxglassets/ui/fonts/Abel-Regular.ttf
19:23:57.637 [JavaFX Application Thread] DEBUG Input                - Registered new binding: action0 - LMB
19:23:57.637 [JavaFX Application Thread] DEBUG LoopRunner           - Stopping loop
19:23:57.637 [JavaFX Application Thread] DEBUG LoopRunner           - Initializing JavaFX AnimationTimerLoop
19:23:57.644 [FXGL Background Thread 4 ] DEBUG FXGLAssetLoaderServi - Loading from file system: jar:file:///C:/Users/Pc/.m2/repository/com/github/almasb/fxgl/17.3/fxgl-17.3.jar!/fxglassets/ui/fonts/TerminalLandMono-Regular.otf
19:23:57.644 [JavaFX Application Thread] FATAL FXGLApplication      - Uncaught Exception:
java.lang.IllegalArgumentException: Trigger is already bound: LMB
	at com.almasb.fxgl.core@17.3/com.almasb.fxgl.input.Input.addBinding(Input.kt:512)
	at com.almasb.fxgl.core@17.3/com.almasb.fxgl.input.Input.addAction(Input.kt:494)
	at com.almasb.fxgl.core@17.3/com.almasb.fxgl.input.Input.addAction$default(Input.kt:493)
	at com.almasb.fxgl.core@17.3/com.almasb.fxgl.input.Input.addAction(Input.kt)
	at org.example.demo1/org.example.demo1.app.MainGame.initInput(MainGame.java:70)
	at com.almasb.fxgl.all@17.3/com.almasb.fxgl.app.FXGLApplication$GameApplicationService.onMainLoopStarting(FXGLApplication.kt:529)
	at com.almasb.fxgl.all@17.3/com.almasb.fxgl.app.Engine.startLoop(Engine.kt:150)
	at com.almasb.fxgl.all@17.3/com.almasb.fxgl.app.FXGLApplication.startImpl$lambda$3(FXGLApplication.kt:145)
	at com.almasb.fxgl.core@17.3/com.almasb.fxgl.core.concurrent.IOTask.succeed(IOTask.java:164)
	at com.almasb.fxgl.core@17.3/com.almasb.fxgl.core.concurrent.IOTask$1.succeeded(IOTask.java:153)
	at javafx.graphics@22.0.1/javafx.concurrent.Task.setState(Task.java:726)
	at javafx.graphics@22.0.1/javafx.concurrent.Task$TaskCallable.lambda$call$1(Task.java:1410)
	at javafx.graphics@22.0.1/com.sun.javafx.application.PlatformImpl.lambda$runLater$10(PlatformImpl.java:456)
	at java.base/java.security.AccessController.doPrivileged(AccessController.java:400)
	at javafx.graphics@22.0.1/com.sun.javafx.application.PlatformImpl.lambda$runLater$11(PlatformImpl.java:455)
	at javafx.graphics@22.0.1/com.sun.glass.ui.InvokeLaterDispatcher$Future.run(InvokeLaterDispatcher.java:95)
	at javafx.graphics@22.0.1/com.sun.glass.ui.win.WinApplication._runLoop(Native Method)
	at javafx.graphics@22.0.1/com.sun.glass.ui.win.WinApplication.lambda$runLoop$3(WinApplication.java:184)
	at java.base/java.lang.Thread.run(Thread.java:1570)

19:23:57.644 [JavaFX Application Thread] FATAL FXGLApplication      - Application will now exit
19:23:57.653 [FXGL Background Thread 4 ] DEBUG FXGLAssetLoaderServi - Loading from file system: jar:file:///C:/Users/Pc/.m2/repository/com/github/almasb/fxgl/17.3/fxgl-17.3.jar!/fxglassets/ui/fonts/Courier-Prime.ttf
19:23:57.735 [JavaFX Application Thread] DEBUG PrimaryStageWindow   - Push state: ErrorSubScene
19:23:57.735 [JavaFX Application Thread] DEBUG Input                - Clearing active input actions
19:23:57.753 [JavaFX Application Thread] DEBUG GameApplicationServi - Removing overlay from FXGLStartupScene and adding to ErrorSubScene
19:23:57.754 [JavaFX Application Thread] DEBUG PrimaryStageWindow   - FXGLStartupScene -> ErrorSubScene
19:23:57.754 [JavaFX Application Thread] DEBUG FXGLApplication      - Registering font factories with UI factory
19:23:59.090 [FXGL Background Thread 2 ] INFO  UpdaterService       - Your current version:  17.3
19:23:59.090 [FXGL Background Thread 2 ] INFO  UpdaterService       - Latest stable version: 21.1
19:24:00.567 [FXGL Background Thread 3 ] DEBUG Engine               - Logging environment variables
19:24:00.569 [FXGL Background Thread 3 ] DEBUG Engine               - achievements: []
19:24:00.569 [FXGL Background Thread 3 ] DEBUG Engine               - actualHeight: 600.0
19:24:00.570 [FXGL Background Thread 3 ] DEBUG Engine               - actualHeightProperty: ReadOnlyDoubleProperty [value: 600.0]
19:24:00.570 [FXGL Background Thread 3 ] DEBUG Engine               - actualWidth: 800.0
19:24:00.571 [FXGL Background Thread 3 ] DEBUG Engine               - actualWidthProperty: ReadOnlyDoubleProperty [value: 800.0]
19:24:00.571 [FXGL Background Thread 3 ] DEBUG Engine               - appIcon: fxgl_icon.png
19:24:00.571 [FXGL Background Thread 3 ] DEBUG Engine               - applicationMode: DEVELOPER
19:24:00.571 [FXGL Background Thread 3 ] DEBUG Engine               - cSSList: [fxgl_dark.css]
19:24:00.572 [FXGL Background Thread 3 ] DEBUG Engine               - collisionDetectionStrategy: BRUTE_FORCE
19:24:00.572 [FXGL Background Thread 3 ] DEBUG Engine               - configClass: Optional.empty
19:24:00.572 [FXGL Background Thread 3 ] DEBUG Engine               - credits: []
19:24:00.573 [FXGL Background Thread 3 ] DEBUG Engine               - defaultCursor: CursorInfo(imageName=fxgl_default_cursor.png, hotspotX=7.0, hotspotY=6.0)
19:24:00.574 [FXGL Background Thread 3 ] DEBUG Engine               - devBBoxColorProperty: ObjectProperty [value: 0xff0000ff]
19:24:00.574 [FXGL Background Thread 3 ] DEBUG Engine               - devEnableDebugCameraProperty: BooleanProperty [value: false]
19:24:00.575 [FXGL Background Thread 3 ] DEBUG Engine               - devSensorColorProperty: ObjectProperty [value: 0xffff00ff]
19:24:00.575 [FXGL Background Thread 3 ] DEBUG Engine               - devShowBBoxProperty: BooleanProperty [value: false]
19:24:00.575 [FXGL Background Thread 3 ] DEBUG Engine               - devShowPositionProperty: BooleanProperty [value: false]
19:24:00.576 [FXGL Background Thread 3 ] DEBUG Engine               - enabledMenuItems: []
19:24:00.576 [FXGL Background Thread 3 ] DEBUG Engine               - engineServices: [class com.almasb.fxgl.app.services.FXGLAssetLoaderService, class com.almasb.fxgl.app.FXGLApplication$GameApplicationService, class com.almasb.fxgl.app.services.FXGLDialogService, class com.almasb.fxgl.app.services.IOTaskExecutorService, class com.almasb.fxgl.io.FileSystemService, class com.almasb.fxgl.localization.LocalizationService, class com.almasb.fxgl.app.services.SystemBundleService, class com.almasb.fxgl.profile.SaveLoadService, class com.almasb.fxgl.ui.FXGLUIFactoryServiceProvider, class com.almasb.fxgl.ui.FXGLDialogFactoryServiceProvider, class com.almasb.fxgl.audio.AudioPlayer, class com.almasb.fxgl.notification.impl.NotificationServiceProvider, class com.almasb.fxgl.achievement.AchievementService, class com.almasb.fxgl.cutscene.CutsceneService, class com.almasb.fxgl.minigames.MiniGameService, class com.almasb.fxgl.net.NetService, class com.almasb.fxgl.app.services.UpdaterService, class com.almasb.fxgl.dev.DevService]
19:24:00.576 [FXGL Background Thread 3 ] DEBUG Engine               - fontGame: Abel-Regular.ttf
19:24:00.576 [FXGL Background Thread 3 ] DEBUG Engine               - fontMono: TerminalLandMono-Regular.otf
19:24:00.577 [FXGL Background Thread 3 ] DEBUG Engine               - fontSizeScaleUI: 1.0
19:24:00.577 [FXGL Background Thread 3 ] DEBUG Engine               - fontText: Courier-Prime.ttf
19:24:00.577 [FXGL Background Thread 3 ] DEBUG Engine               - fontUI: VarelaRound-Regular.ttf
19:24:00.577 [FXGL Background Thread 3 ] DEBUG Engine               - fullScreen: BooleanProperty [value: false]
19:24:00.577 [FXGL Background Thread 3 ] DEBUG Engine               - gameDifficulty: MEDIUM
19:24:00.578 [FXGL Background Thread 3 ] DEBUG Engine               - gameDifficultyProperty: ObjectProperty [value: MEDIUM]
19:24:00.578 [FXGL Background Thread 3 ] DEBUG Engine               - globalMusicVolume: 0.5
19:24:00.578 [FXGL Background Thread 3 ] DEBUG Engine               - globalMusicVolumeProperty: DoubleProperty [value: 0.5]
19:24:00.578 [FXGL Background Thread 3 ] DEBUG Engine               - globalSoundVolume: 0.5
19:24:00.579 [FXGL Background Thread 3 ] DEBUG Engine               - globalSoundVolumeProperty: DoubleProperty [value: 0.5]
19:24:00.579 [FXGL Background Thread 3 ] DEBUG Engine               - height: 600
19:24:00.579 [FXGL Background Thread 3 ] DEBUG Engine               - is3D: false
19:24:00.579 [FXGL Background Thread 3 ] DEBUG Engine               - isAndroid: false
19:24:00.579 [FXGL Background Thread 3 ] DEBUG Engine               - isBrowser: false
19:24:00.579 [FXGL Background Thread 3 ] DEBUG Engine               - isClickFeedbackEnabled: false
19:24:00.580 [FXGL Background Thread 3 ] DEBUG Engine               - isCloseConfirmation: false
19:24:00.580 [FXGL Background Thread 3 ] DEBUG Engine               - isDesktop: true
19:24:00.580 [FXGL Background Thread 3 ] DEBUG Engine               - isDeveloperMenuEnabled: false
19:24:00.580 [FXGL Background Thread 3 ] DEBUG Engine               - isEmbedded: false
19:24:00.580 [FXGL Background Thread 3 ] DEBUG Engine               - isEntityPreloadEnabled: true
19:24:00.581 [FXGL Background Thread 3 ] DEBUG Engine               - isExperimentalTiledLargeMap: false
19:24:00.581 [FXGL Background Thread 3 ] DEBUG Engine               - isFileSystemWriteAllowed: true
19:24:00.581 [FXGL Background Thread 3 ] DEBUG Engine               - isFullScreenAllowed: false
19:24:00.581 [FXGL Background Thread 3 ] DEBUG Engine               - isFullScreenFromStart: false
19:24:00.581 [FXGL Background Thread 3 ] DEBUG Engine               - isGameMenuEnabled: true
19:24:00.582 [FXGL Background Thread 3 ] DEBUG Engine               - isIOS: false
19:24:00.582 [FXGL Background Thread 3 ] DEBUG Engine               - isIntroEnabled: false
19:24:00.582 [FXGL Background Thread 3 ] DEBUG Engine               - isLinux: false
19:24:00.582 [FXGL Background Thread 3 ] DEBUG Engine               - isMac: false
19:24:00.582 [FXGL Background Thread 3 ] DEBUG Engine               - isMainMenuEnabled: false
19:24:00.583 [FXGL Background Thread 3 ] DEBUG Engine               - isManualResizeEnabled: false
19:24:00.583 [FXGL Background Thread 3 ] DEBUG Engine               - isMobile: false
19:24:00.583 [FXGL Background Thread 3 ] DEBUG Engine               - isNative: false
19:24:00.583 [FXGL Background Thread 3 ] DEBUG Engine               - isPauseMusicWhenMinimized: true
19:24:00.583 [FXGL Background Thread 3 ] DEBUG Engine               - isPreserveResizeRatio: false
19:24:00.583 [FXGL Background Thread 3 ] DEBUG Engine               - isProfilingEnabled: false
19:24:00.584 [FXGL Background Thread 3 ] DEBUG Engine               - isScaleAffectedOnResize: true
19:24:00.584 [FXGL Background Thread 3 ] DEBUG Engine               - isSingleStep: false
19:24:00.584 [FXGL Background Thread 3 ] DEBUG Engine               - isUserProfileEnabled: false
19:24:00.584 [FXGL Background Thread 3 ] DEBUG Engine               - isWindows: true
19:24:00.584 [FXGL Background Thread 3 ] DEBUG Engine               - language: ObjectProperty [value: ENGLISH]
19:24:00.584 [FXGL Background Thread 3 ] DEBUG Engine               - menuKey: ESCAPE
19:24:00.585 [FXGL Background Thread 3 ] DEBUG Engine               - mouseSensitivity: 0.2
19:24:00.585 [FXGL Background Thread 3 ] DEBUG Engine               - notificationViewClass: class com.almasb.fxgl.notification.view.XboxNotificationView
19:24:00.585 [FXGL Background Thread 3 ] DEBUG Engine               - pixelsPerMeter: 50.0
19:24:00.585 [FXGL Background Thread 3 ] DEBUG Engine               - platform: WINDOWS
19:24:00.585 [FXGL Background Thread 3 ] DEBUG Engine               - prefHeightProperty: ReadOnlyDoubleProperty [value: 600.0]
19:24:00.586 [FXGL Background Thread 3 ] DEBUG Engine               - prefWidthProperty: ReadOnlyDoubleProperty [value: 800.0]
19:24:00.586 [FXGL Background Thread 3 ] DEBUG Engine               - profileDir: profiles/
19:24:00.586 [FXGL Background Thread 3 ] DEBUG Engine               - profileName: StringProperty [value: DEFAULT]
19:24:00.586 [FXGL Background Thread 3 ] DEBUG Engine               - randomSeed: -1
19:24:00.587 [FXGL Background Thread 3 ] DEBUG Engine               - runtimeInfo: RuntimeInfo(platform=WINDOWS, version=17.3, build=30.03.2023 11.49)
19:24:00.587 [FXGL Background Thread 3 ] DEBUG Engine               - saveFileExt: sav
19:24:00.588 [FXGL Background Thread 3 ] DEBUG Engine               - scaledHeightProp$fxgl: DoubleProperty [bound, value: 600.0]
19:24:00.588 [FXGL Background Thread 3 ] DEBUG Engine               - scaledWidthProp$fxgl: DoubleProperty [bound, value: 800.0]
19:24:00.588 [FXGL Background Thread 3 ] DEBUG Engine               - sceneFactory: com.almasb.fxgl.app.scene.SceneFactory@7c7b3705
19:24:00.588 [FXGL Background Thread 3 ] DEBUG Engine               - secondsIn24h: 60
19:24:00.588 [FXGL Background Thread 3 ] DEBUG Engine               - soundMenuBack: menu/back.wav
19:24:00.588 [FXGL Background Thread 3 ] DEBUG Engine               - soundMenuPress: menu/press.wav
19:24:00.589 [FXGL Background Thread 3 ] DEBUG Engine               - soundMenuSelect: menu/select.wav
19:24:00.589 [FXGL Background Thread 3 ] DEBUG Engine               - soundNotification: core/notification.wav
19:24:00.589 [FXGL Background Thread 3 ] DEBUG Engine               - stageStyle: DECORATED
19:24:00.589 [FXGL Background Thread 3 ] DEBUG Engine               - supportedLanguages: [ENGLISH, FRENCH, GERMAN, HUNGARIAN, RUSSIAN]
19:24:00.589 [FXGL Background Thread 3 ] DEBUG Engine               - ticksPerSecond: -1
19:24:00.589 [FXGL Background Thread 3 ] DEBUG Engine               - title: Mi Primer Juego FXGL
19:24:00.590 [FXGL Background Thread 3 ] DEBUG Engine               - urlGithub: https://github.com/AlmasB/FXGL
19:24:00.590 [FXGL Background Thread 3 ] DEBUG Engine               - urlLeaderboard: http://fxgl-top.herokuapp.com/
19:24:00.590 [FXGL Background Thread 3 ] DEBUG Engine               - urlPOM: https://raw.githubusercontent.com/AlmasB/FXGL/release/README.md
19:24:00.590 [FXGL Background Thread 3 ] DEBUG Engine               - userAppClass: class org.example.demo1.app.MainGame
19:24:00.590 [FXGL Background Thread 3 ] DEBUG Engine               - version: 0.1
19:24:00.590 [FXGL Background Thread 3 ] DEBUG Engine               - versionCheckDays: 7
19:24:00.590 [FXGL Background Thread 3 ] DEBUG Engine               - width: 800
19:24:00.590 [FXGL Background Thread 3 ] DEBUG Engine               - Logging services
19:24:00.590 [FXGL Background Thread 3 ] DEBUG Engine               - class com.almasb.fxgl.app.services.FXGLAssetLoaderService
19:24:00.590 [FXGL Background Thread 3 ] DEBUG Engine               - class com.almasb.fxgl.app.FXGLApplication$GameApplicationService
19:24:00.591 [FXGL Background Thread 3 ] DEBUG Engine               - class com.almasb.fxgl.app.services.FXGLDialogService
19:24:00.591 [FXGL Background Thread 3 ] DEBUG Engine               - class com.almasb.fxgl.app.services.IOTaskExecutorService
19:24:00.592 [FXGL Background Thread 3 ] DEBUG Engine               - class com.almasb.fxgl.io.FileSystemService
19:24:00.592 [FXGL Background Thread 3 ] DEBUG Engine               - class com.almasb.fxgl.localization.LocalizationService
19:24:00.592 [FXGL Background Thread 3 ] DEBUG Engine               - class com.almasb.fxgl.app.services.SystemBundleService
19:24:00.592 [FXGL Background Thread 3 ] DEBUG Engine               - class com.almasb.fxgl.profile.SaveLoadService
19:24:00.592 [FXGL Background Thread 3 ] DEBUG Engine               - class com.almasb.fxgl.ui.FXGLUIFactoryServiceProvider
19:24:00.592 [FXGL Background Thread 3 ] DEBUG Engine               - class com.almasb.fxgl.ui.FXGLDialogFactoryServiceProvider
19:24:00.593 [FXGL Background Thread 3 ] DEBUG Engine               - class com.almasb.fxgl.audio.AudioPlayer
19:24:00.593 [FXGL Background Thread 3 ] DEBUG Engine               - class com.almasb.fxgl.notification.impl.NotificationServiceProvider
19:24:00.593 [FXGL Background Thread 3 ] DEBUG Engine               - class com.almasb.fxgl.achievement.AchievementService
19:24:00.593 [FXGL Background Thread 3 ] DEBUG Engine               - class com.almasb.fxgl.cutscene.CutsceneService
19:24:00.593 [FXGL Background Thread 3 ] DEBUG Engine               - class com.almasb.fxgl.minigames.MiniGameService
19:24:00.593 [FXGL Background Thread 3 ] DEBUG Engine               - class com.almasb.fxgl.net.NetService
19:24:00.593 [FXGL Background Thread 3 ] DEBUG Engine               - class com.almasb.fxgl.app.services.UpdaterService
19:24:00.594 [FXGL Background Thread 3 ] DEBUG Engine               - class com.almasb.fxgl.dev.DevService
19:24:00.628 [JavaFX Application Thread] DEBUG FXGLApplication      - Exiting FXGL
19:24:00.628 [JavaFX Application Thread] DEBUG Async                - Shutting down background threads
19:24:00.629 [JavaFX Application Thread] DEBUG PrimaryStageWindow   - Closing main window
19:24:00.656 [JavaFX Application Thread] DEBUG Logger               - Closing Logger
