03:12:05.686 [main                     ] DEBUG Logger               - Configured Logger
03:12:05.740 [main                     ] DEBUG GameApplication      - Logging settings
Title: Mi Primer Juego FXGL
Version: 0.1
Width: 800
Height: 600
Fullscreen: false
Intro: false
Profiling: false
Single step:false
App Mode: DEVELOPER
Menu Key: ESCAPE
Stage Style: DECORATED
Scene Factory: class com.almasb.fxgl.app.scene.SceneFactory

03:12:06.610 [JavaFX Application Thread] DEBUG FXGLApplication      - Initializing FXGL
03:12:06.621 [JavaFX Application Thread] INFO  Engine               - FXGL-17.3 (30.03.2023 11.49) on WINDOWS (J:22.0.1 FX:22.0.1)
03:12:06.622 [JavaFX Application Thread] DEBUG Engine               - JRE Vendor Name: Oracle Corporation
03:12:06.622 [JavaFX Application Thread] DEBUG Engine               - Running on OS: Windows 10 version 10.0
03:12:06.623 [JavaFX Application Thread] DEBUG Engine               - Architecture: amd64
03:12:06.623 [JavaFX Application Thread] INFO  Engine               - Source code and latest versions at: https://github.com/AlmasB/FXGL
03:12:06.623 [JavaFX Application Thread] INFO  Engine               -       Ask questions and discuss at: https://github.com/AlmasB/FXGL/discussions
03:12:06.624 [JavaFX Application Thread] INFO  Engine               -              Join the FXGL chat at: https://gitter.im/AlmasB/FXGL
03:12:06.815 [JavaFX Application Thread] DEBUG PrimaryStageWindow   - Creating a JavaFX scene
03:12:06.923 [JavaFX Application Thread] DEBUG PrimaryStageWindow   - Target settings size: 800.0 x 600.0
03:12:06.924 [JavaFX Application Thread] DEBUG PrimaryStageWindow   - Scaled scene size:    800.0 x 600.0
03:12:06.924 [JavaFX Application Thread] DEBUG PrimaryStageWindow   - Scaled ratio: (1.0, 1.0)
03:12:06.927 [JavaFX Application Thread] DEBUG PrimaryStageWindow   - Set initial scene to FXGLStartupScene
03:12:06.934 [JavaFX Application Thread] DEBUG PrimaryStageWindow   - Opening main window
03:12:07.573 [JavaFX Application Thread] DEBUG PrimaryStageWindow   - Window border size: (14.66668701171875, 37.33331298828125)
03:12:07.574 [JavaFX Application Thread] DEBUG PrimaryStageWindow   - Scaled size: 800.0 x 600.0
03:12:07.574 [JavaFX Application Thread] DEBUG PrimaryStageWindow   - Scaled ratio: (1.0, 1.0)
03:12:07.575 [JavaFX Application Thread] DEBUG PrimaryStageWindow   - Scene size: 800.0 x 600.0
03:12:07.576 [JavaFX Application Thread] DEBUG PrimaryStageWindow   - Stage size: 814.6666870117188 x 637.3333129882812
03:12:07.607 [FXGL Background Thread 1 ] DEBUG Engine               - Initializing environment variables
03:12:07.734 [FXGL Background Thread 1 ] DEBUG FXGLAssetLoaderServi - User app class for loading assets: class org.example.demo1.app.MainGame
03:12:07.734 [FXGL Background Thread 1 ] DEBUG GameApplicationServi - Applying CSS: fxgl_dark.css
03:12:07.737 [FXGL Background Thread 1 ] DEBUG FXGLAssetLoaderServi - Loading from file system: jar:file:///C:/Users/Pc/.m2/repository/com/github/almasb/fxgl/17.3/fxgl-17.3.jar!/fxglassets/ui/css/fxgl_dark.css
03:12:07.857 [FXGL Background Thread 1 ] DEBUG GameApplicationServi - Initializing application scenes
03:12:08.073 [FXGL Background Thread 1 ] DEBUG GameWorld            - Game world initialized
03:12:08.178 [FXGL Background Thread 1 ] DEBUG PhysicsWorld         - Physics world initialized: appHeight=600, physics.ppm=50.0
03:12:08.179 [FXGL Background Thread 1 ] DEBUG PhysicsWorld         - Using strategy: BRUTE_FORCE
03:12:08.188 [FXGL Background Thread 1 ] DEBUG GameScene            - Game scene initialized: 800x600
03:12:08.212 [FXGL Background Thread 1 ] DEBUG FXGL.DefaultMenu     - createMenuBodyGameMenu()
03:12:08.244 [FXGL Background Thread 1 ] DEBUG FXGL.DefaultMenu     - createOptionsMenu()
03:12:08.268 [FXGL Background Thread 1 ] DEBUG FXGLAssetLoaderServi - Loading from file system: jar:file:///C:/Users/Pc/.m2/repository/com/github/almasb/fxgl/17.3/fxgl-17.3.jar!/fxglassets/textures/particles/smoke.png
03:12:08.460 [FXGL Background Thread 1 ] DEBUG FXGLAssetLoaderServi - Loading from file system: jar:file:///C:/Users/Pc/.m2/repository/com/github/almasb/fxgl/17.3/fxgl-17.3.jar!/fxglassets/textures/particles/trace_horizontal.png
03:12:08.512 [FXGL Background Thread 1 ] DEBUG GameApplicationServi - Application scenes initialized
03:12:08.545 [FXGL Background Thread 1 ] DEBUG SystemBundleService  - Loading FXGL system data
03:12:08.556 [FXGL Background Thread 1 ] DEBUG FileSystemAccess     - Reading from: C:\Users\Pc\Programación\demo1\system\fxgl.bundle
03:12:08.575 [FXGL Background Thread 1 ] DEBUG SystemBundleService  - Bundle FXGL: {}
03:12:08.575 [FXGL Background Thread 1 ] DEBUG UpdaterService       - Checking for updates
03:12:08.586 [FXGL Background Thread 4 ] DEBUG FXGLApplication      - Loading fonts
03:12:08.587 [FXGL Background Thread 1 ] DEBUG FXGLApplication      - Loading default localization
03:12:08.589 [FXGL Background Thread 1 ] DEBUG FXGLAssetLoaderServi - Loading from file system: jar:file:///C:/Users/Pc/.m2/repository/com/github/almasb/fxgl/17.3/fxgl-17.3.jar!/fxglassets/languages/english.lang
03:12:08.587 [FXGL Background Thread 4 ] DEBUG FXGLAssetLoaderServi - Loading from file system: jar:file:///C:/Users/Pc/.m2/repository/com/github/almasb/fxgl/17.3/fxgl-17.3.jar!/fxglassets/ui/fonts/VarelaRound-Regular.ttf
03:12:08.643 [FXGL Background Thread 1 ] INFO  FXGLApplication      - FXGL initialization took: 1.036 sec
03:12:08.652 [JavaFX Application Thread] DEBUG Input                - Registered new binding: Click Move - LMB
03:12:08.653 [JavaFX Application Thread] DEBUG FXGLAssetLoaderServi - Loading from file system: jar:file:///C:/Users/Pc/.m2/repository/com/github/almasb/fxgl/17.3/fxgl-17.3.jar!/fxglassets/textures/fxgl_icon.png
03:12:08.655 [FXGL Background Thread 4 ] DEBUG FXGLAssetLoaderServi - Loading from file system: jar:file:///C:/Users/Pc/.m2/repository/com/github/almasb/fxgl/17.3/fxgl-17.3.jar!/fxglassets/ui/fonts/Abel-Regular.ttf
03:12:08.664 [FXGL Background Thread 4 ] DEBUG FXGLAssetLoaderServi - Loading from file system: jar:file:///C:/Users/Pc/.m2/repository/com/github/almasb/fxgl/17.3/fxgl-17.3.jar!/fxglassets/ui/fonts/TerminalLandMono-Regular.otf
03:12:08.676 [FXGL Background Thread 4 ] DEBUG FXGLAssetLoaderServi - Loading from file system: jar:file:///C:/Users/Pc/.m2/repository/com/github/almasb/fxgl/17.3/fxgl-17.3.jar!/fxglassets/ui/fonts/Courier-Prime.ttf
03:12:08.695 [JavaFX Application Thread] DEBUG FXGLAssetLoaderServi - Loading from file system: jar:file:///C:/Users/Pc/.m2/repository/com/github/almasb/fxgl/17.3/fxgl-17.3.jar!/fxglassets/textures/fxgl_default_cursor.png
03:12:08.713 [JavaFX Application Thread] DEBUG Input                - Registered new binding: Screenshot - CTRL+8
03:12:08.718 [JavaFX Application Thread] DEBUG Input                - Registered new binding: System info dump - CTRL+9
03:12:08.719 [JavaFX Application Thread] DEBUG Input                - Registered new binding: Restart - CTRL+R
03:12:08.721 [JavaFX Application Thread] DEBUG Input                - Registered new binding: Toggle Debug Camera - CTRL+7
03:12:08.739 [JavaFX Application Thread] DEBUG LoopRunner           - Starting loop
03:12:08.740 [JavaFX Application Thread] DEBUG LoopRunner           - Initializing JavaFX AnimationTimerLoop
03:12:08.744 [JavaFX Application Thread] DEBUG GameApplicationServi - Starting new game
03:12:08.744 [JavaFX Application Thread] DEBUG Input                - Clearing active input actions
03:12:08.775 [JavaFX Application Thread] DEBUG GameApplicationServi - Removing overlay from FXGLStartupScene and adding to FXGLLoadingScene
03:12:08.776 [JavaFX Application Thread] DEBUG PrimaryStageWindow   - FXGLStartupScene -> FXGLLoadingScene
03:12:08.776 [JavaFX Application Thread] DEBUG GameApplicationServi - Clearing previous game
03:12:08.776 [JavaFX Application Thread] DEBUG GameScene            - Clearing game scene
03:12:08.776 [JavaFX Application Thread] DEBUG GameWorld            - Clearing game world
03:12:08.776 [JavaFX Application Thread] DEBUG PhysicsWorld         - Clearing physics world
03:12:08.780 [JavaFX Application Thread] DEBUG FXGLApplication      - Registering font factories with UI factory
03:12:08.779 [FXGL Background Thread 4 ] DEBUG FXGLApplication      - Initializing game
03:12:08.874 [FXGL Background Thread 4 ] INFO  FXGLApplication      - Game initialization took: 0.095 sec
03:12:08.899 [JavaFX Application Thread] DEBUG Input                - Clearing active input actions
03:12:08.912 [JavaFX Application Thread] DEBUG GameApplicationServi - Removing overlay from FXGLLoadingScene and adding to GameScene
03:12:08.912 [JavaFX Application Thread] DEBUG PrimaryStageWindow   - FXGLLoadingScene -> GameScene
03:12:09.856 [FXGL Background Thread 2 ] INFO  UpdaterService       - Your current version:  17.3
03:12:09.856 [FXGL Background Thread 2 ] INFO  UpdaterService       - Latest stable version: 21.1
03:12:11.582 [FXGL Background Thread 3 ] DEBUG Engine               - Logging environment variables
03:12:11.588 [FXGL Background Thread 3 ] DEBUG Engine               - achievements: []
03:12:11.589 [FXGL Background Thread 3 ] DEBUG Engine               - actualHeight: 600.0
03:12:11.589 [FXGL Background Thread 3 ] DEBUG Engine               - actualHeightProperty: ReadOnlyDoubleProperty [value: 600.0]
03:12:11.590 [FXGL Background Thread 3 ] DEBUG Engine               - actualWidth: 800.0
03:12:11.590 [FXGL Background Thread 3 ] DEBUG Engine               - actualWidthProperty: ReadOnlyDoubleProperty [value: 800.0]
03:12:11.590 [FXGL Background Thread 3 ] DEBUG Engine               - appIcon: fxgl_icon.png
03:12:11.590 [FXGL Background Thread 3 ] DEBUG Engine               - applicationMode: DEVELOPER
03:12:11.590 [FXGL Background Thread 3 ] DEBUG Engine               - cSSList: [fxgl_dark.css]
03:12:11.591 [FXGL Background Thread 3 ] DEBUG Engine               - collisionDetectionStrategy: BRUTE_FORCE
03:12:11.591 [FXGL Background Thread 3 ] DEBUG Engine               - configClass: Optional.empty
03:12:11.591 [FXGL Background Thread 3 ] DEBUG Engine               - credits: []
03:12:11.592 [FXGL Background Thread 3 ] DEBUG Engine               - defaultCursor: CursorInfo(imageName=fxgl_default_cursor.png, hotspotX=7.0, hotspotY=6.0)
03:12:11.592 [FXGL Background Thread 3 ] DEBUG Engine               - devBBoxColorProperty: ObjectProperty [value: 0xff0000ff]
03:12:11.593 [FXGL Background Thread 3 ] DEBUG Engine               - devEnableDebugCameraProperty: BooleanProperty [value: false]
03:12:11.593 [FXGL Background Thread 3 ] DEBUG Engine               - devSensorColorProperty: ObjectProperty [value: 0xffff00ff]
03:12:11.593 [FXGL Background Thread 3 ] DEBUG Engine               - devShowBBoxProperty: BooleanProperty [value: false]
03:12:11.593 [FXGL Background Thread 3 ] DEBUG Engine               - devShowPositionProperty: BooleanProperty [value: false]
03:12:11.593 [FXGL Background Thread 3 ] DEBUG Engine               - enabledMenuItems: []
03:12:11.593 [FXGL Background Thread 3 ] DEBUG Engine               - engineServices: [class com.almasb.fxgl.app.services.FXGLAssetLoaderService, class com.almasb.fxgl.app.FXGLApplication$GameApplicationService, class com.almasb.fxgl.app.services.FXGLDialogService, class com.almasb.fxgl.app.services.IOTaskExecutorService, class com.almasb.fxgl.io.FileSystemService, class com.almasb.fxgl.localization.LocalizationService, class com.almasb.fxgl.app.services.SystemBundleService, class com.almasb.fxgl.profile.SaveLoadService, class com.almasb.fxgl.ui.FXGLUIFactoryServiceProvider, class com.almasb.fxgl.ui.FXGLDialogFactoryServiceProvider, class com.almasb.fxgl.audio.AudioPlayer, class com.almasb.fxgl.notification.impl.NotificationServiceProvider, class com.almasb.fxgl.achievement.AchievementService, class com.almasb.fxgl.cutscene.CutsceneService, class com.almasb.fxgl.minigames.MiniGameService, class com.almasb.fxgl.net.NetService, class com.almasb.fxgl.app.services.UpdaterService, class com.almasb.fxgl.dev.DevService]
03:12:11.594 [FXGL Background Thread 3 ] DEBUG Engine               - fontGame: Abel-Regular.ttf
03:12:11.594 [FXGL Background Thread 3 ] DEBUG Engine               - fontMono: TerminalLandMono-Regular.otf
03:12:11.594 [FXGL Background Thread 3 ] DEBUG Engine               - fontSizeScaleUI: 1.0
03:12:11.594 [FXGL Background Thread 3 ] DEBUG Engine               - fontText: Courier-Prime.ttf
03:12:11.594 [FXGL Background Thread 3 ] DEBUG Engine               - fontUI: VarelaRound-Regular.ttf
03:12:11.595 [FXGL Background Thread 3 ] DEBUG Engine               - fullScreen: BooleanProperty [value: false]
03:12:11.595 [FXGL Background Thread 3 ] DEBUG Engine               - gameDifficulty: MEDIUM
03:12:11.595 [FXGL Background Thread 3 ] DEBUG Engine               - gameDifficultyProperty: ObjectProperty [value: MEDIUM]
03:12:11.595 [FXGL Background Thread 3 ] DEBUG Engine               - globalMusicVolume: 0.5
03:12:11.595 [FXGL Background Thread 3 ] DEBUG Engine               - globalMusicVolumeProperty: DoubleProperty [value: 0.5]
03:12:11.596 [FXGL Background Thread 3 ] DEBUG Engine               - globalSoundVolume: 0.5
03:12:11.596 [FXGL Background Thread 3 ] DEBUG Engine               - globalSoundVolumeProperty: DoubleProperty [value: 0.5]
03:12:11.596 [FXGL Background Thread 3 ] DEBUG Engine               - height: 600
03:12:11.596 [FXGL Background Thread 3 ] DEBUG Engine               - is3D: false
03:12:11.596 [FXGL Background Thread 3 ] DEBUG Engine               - isAndroid: false
03:12:11.596 [FXGL Background Thread 3 ] DEBUG Engine               - isBrowser: false
03:12:11.597 [FXGL Background Thread 3 ] DEBUG Engine               - isClickFeedbackEnabled: false
03:12:11.597 [FXGL Background Thread 3 ] DEBUG Engine               - isCloseConfirmation: false
03:12:11.597 [FXGL Background Thread 3 ] DEBUG Engine               - isDesktop: true
03:12:11.597 [FXGL Background Thread 3 ] DEBUG Engine               - isDeveloperMenuEnabled: false
03:12:11.597 [FXGL Background Thread 3 ] DEBUG Engine               - isEmbedded: false
03:12:11.597 [FXGL Background Thread 3 ] DEBUG Engine               - isEntityPreloadEnabled: true
03:12:11.597 [FXGL Background Thread 3 ] DEBUG Engine               - isExperimentalTiledLargeMap: false
03:12:11.597 [FXGL Background Thread 3 ] DEBUG Engine               - isFileSystemWriteAllowed: true
03:12:11.597 [FXGL Background Thread 3 ] DEBUG Engine               - isFullScreenAllowed: false
03:12:11.598 [FXGL Background Thread 3 ] DEBUG Engine               - isFullScreenFromStart: false
03:12:11.598 [FXGL Background Thread 3 ] DEBUG Engine               - isGameMenuEnabled: true
03:12:11.598 [FXGL Background Thread 3 ] DEBUG Engine               - isIOS: false
03:12:11.598 [FXGL Background Thread 3 ] DEBUG Engine               - isIntroEnabled: false
03:12:11.598 [FXGL Background Thread 3 ] DEBUG Engine               - isLinux: false
03:12:11.598 [FXGL Background Thread 3 ] DEBUG Engine               - isMac: false
03:12:11.599 [FXGL Background Thread 3 ] DEBUG Engine               - isMainMenuEnabled: false
03:12:11.602 [FXGL Background Thread 3 ] DEBUG Engine               - isManualResizeEnabled: false
03:12:11.603 [FXGL Background Thread 3 ] DEBUG Engine               - isMobile: false
03:12:11.603 [FXGL Background Thread 3 ] DEBUG Engine               - isNative: false
03:12:11.603 [FXGL Background Thread 3 ] DEBUG Engine               - isPauseMusicWhenMinimized: true
03:12:11.603 [FXGL Background Thread 3 ] DEBUG Engine               - isPreserveResizeRatio: false
03:12:11.603 [FXGL Background Thread 3 ] DEBUG Engine               - isProfilingEnabled: false
03:12:11.603 [FXGL Background Thread 3 ] DEBUG Engine               - isScaleAffectedOnResize: true
03:12:11.603 [FXGL Background Thread 3 ] DEBUG Engine               - isSingleStep: false
03:12:11.604 [FXGL Background Thread 3 ] DEBUG Engine               - isUserProfileEnabled: false
03:12:11.604 [FXGL Background Thread 3 ] DEBUG Engine               - isWindows: true
03:12:11.604 [FXGL Background Thread 3 ] DEBUG Engine               - language: ObjectProperty [value: ENGLISH]
03:12:11.604 [FXGL Background Thread 3 ] DEBUG Engine               - menuKey: ESCAPE
03:12:11.604 [FXGL Background Thread 3 ] DEBUG Engine               - mouseSensitivity: 0.2
03:12:11.604 [FXGL Background Thread 3 ] DEBUG Engine               - notificationViewClass: class com.almasb.fxgl.notification.view.XboxNotificationView
03:12:11.604 [FXGL Background Thread 3 ] DEBUG Engine               - pixelsPerMeter: 50.0
03:12:11.604 [FXGL Background Thread 3 ] DEBUG Engine               - platform: WINDOWS
03:12:11.604 [FXGL Background Thread 3 ] DEBUG Engine               - prefHeightProperty: ReadOnlyDoubleProperty [value: 600.0]
03:12:11.604 [FXGL Background Thread 3 ] DEBUG Engine               - prefWidthProperty: ReadOnlyDoubleProperty [value: 800.0]
03:12:11.605 [FXGL Background Thread 3 ] DEBUG Engine               - profileDir: profiles/
03:12:11.605 [FXGL Background Thread 3 ] DEBUG Engine               - profileName: StringProperty [value: DEFAULT]
03:12:11.605 [FXGL Background Thread 3 ] DEBUG Engine               - randomSeed: -1
03:12:11.605 [FXGL Background Thread 3 ] DEBUG Engine               - runtimeInfo: RuntimeInfo(platform=WINDOWS, version=17.3, build=30.03.2023 11.49)
03:12:11.605 [FXGL Background Thread 3 ] DEBUG Engine               - saveFileExt: sav
03:12:11.606 [FXGL Background Thread 3 ] DEBUG Engine               - scaledHeightProp$fxgl: DoubleProperty [bound, value: 600.0]
03:12:11.606 [FXGL Background Thread 3 ] DEBUG Engine               - scaledWidthProp$fxgl: DoubleProperty [bound, value: 800.0]
03:12:11.606 [FXGL Background Thread 3 ] DEBUG Engine               - sceneFactory: com.almasb.fxgl.app.scene.SceneFactory@5293b1de
03:12:11.606 [FXGL Background Thread 3 ] DEBUG Engine               - secondsIn24h: 60
03:12:11.606 [FXGL Background Thread 3 ] DEBUG Engine               - soundMenuBack: menu/back.wav
03:12:11.606 [FXGL Background Thread 3 ] DEBUG Engine               - soundMenuPress: menu/press.wav
03:12:11.606 [FXGL Background Thread 3 ] DEBUG Engine               - soundMenuSelect: menu/select.wav
03:12:11.606 [FXGL Background Thread 3 ] DEBUG Engine               - soundNotification: core/notification.wav
03:12:11.606 [FXGL Background Thread 3 ] DEBUG Engine               - stageStyle: DECORATED
03:12:11.606 [FXGL Background Thread 3 ] DEBUG Engine               - supportedLanguages: [ENGLISH, FRENCH, GERMAN, HUNGARIAN, RUSSIAN]
03:12:11.606 [FXGL Background Thread 3 ] DEBUG Engine               - ticksPerSecond: -1
03:12:11.607 [FXGL Background Thread 3 ] DEBUG Engine               - title: Mi Primer Juego FXGL
03:12:11.607 [FXGL Background Thread 3 ] DEBUG Engine               - urlGithub: https://github.com/AlmasB/FXGL
03:12:11.607 [FXGL Background Thread 3 ] DEBUG Engine               - urlLeaderboard: http://fxgl-top.herokuapp.com/
03:12:11.607 [FXGL Background Thread 3 ] DEBUG Engine               - urlPOM: https://raw.githubusercontent.com/AlmasB/FXGL/release/README.md
03:12:11.607 [FXGL Background Thread 3 ] DEBUG Engine               - userAppClass: class org.example.demo1.app.MainGame
03:12:11.607 [FXGL Background Thread 3 ] DEBUG Engine               - version: 0.1
03:12:11.607 [FXGL Background Thread 3 ] DEBUG Engine               - versionCheckDays: 7
03:12:11.607 [FXGL Background Thread 3 ] DEBUG Engine               - width: 800
03:12:11.607 [FXGL Background Thread 3 ] DEBUG Engine               - Logging services
03:12:11.607 [FXGL Background Thread 3 ] DEBUG Engine               - class com.almasb.fxgl.app.services.FXGLAssetLoaderService
03:12:11.607 [FXGL Background Thread 3 ] DEBUG Engine               - class com.almasb.fxgl.app.FXGLApplication$GameApplicationService
03:12:11.608 [FXGL Background Thread 3 ] DEBUG Engine               - class com.almasb.fxgl.app.services.FXGLDialogService
03:12:11.609 [FXGL Background Thread 3 ] DEBUG Engine               - class com.almasb.fxgl.app.services.IOTaskExecutorService
03:12:11.609 [FXGL Background Thread 3 ] DEBUG Engine               - class com.almasb.fxgl.io.FileSystemService
03:12:11.610 [FXGL Background Thread 3 ] DEBUG Engine               - class com.almasb.fxgl.localization.LocalizationService
03:12:11.610 [FXGL Background Thread 3 ] DEBUG Engine               - class com.almasb.fxgl.app.services.SystemBundleService
03:12:11.610 [FXGL Background Thread 3 ] DEBUG Engine               - class com.almasb.fxgl.profile.SaveLoadService
03:12:11.610 [FXGL Background Thread 3 ] DEBUG Engine               - class com.almasb.fxgl.ui.FXGLUIFactoryServiceProvider
03:12:11.610 [FXGL Background Thread 3 ] DEBUG Engine               - class com.almasb.fxgl.ui.FXGLDialogFactoryServiceProvider
03:12:11.610 [FXGL Background Thread 3 ] DEBUG Engine               - class com.almasb.fxgl.audio.AudioPlayer
03:12:11.610 [FXGL Background Thread 3 ] DEBUG Engine               - class com.almasb.fxgl.notification.impl.NotificationServiceProvider
03:12:11.610 [FXGL Background Thread 3 ] DEBUG Engine               - class com.almasb.fxgl.achievement.AchievementService
03:12:11.610 [FXGL Background Thread 3 ] DEBUG Engine               - class com.almasb.fxgl.cutscene.CutsceneService
03:12:11.610 [FXGL Background Thread 3 ] DEBUG Engine               - class com.almasb.fxgl.minigames.MiniGameService
03:12:11.611 [FXGL Background Thread 3 ] DEBUG Engine               - class com.almasb.fxgl.net.NetService
03:12:11.611 [FXGL Background Thread 3 ] DEBUG Engine               - class com.almasb.fxgl.app.services.UpdaterService
03:12:11.611 [FXGL Background Thread 3 ] DEBUG Engine               - class com.almasb.fxgl.dev.DevService
03:12:18.345 [JavaFX Application Thread] DEBUG PrimaryStageWindow   - Push state: DialogSubScene
03:12:18.346 [JavaFX Application Thread] DEBUG Input                - Clearing active input actions
03:12:18.373 [JavaFX Application Thread] DEBUG GameApplicationServi - Removing overlay from GameScene and adding to DialogSubScene
03:12:18.375 [JavaFX Application Thread] DEBUG PrimaryStageWindow   - GameScene -> DialogSubScene
03:12:23.071 [JavaFX Application Thread] DEBUG PrimaryStageWindow   - Pop state: DialogSubScene
03:12:23.071 [JavaFX Application Thread] DEBUG Input                - Clearing active input actions
03:12:23.073 [JavaFX Application Thread] DEBUG GameApplicationServi - Removing overlay from DialogSubScene and adding to GameScene
03:12:23.074 [JavaFX Application Thread] DEBUG PrimaryStageWindow   - GameScene <- DialogSubScene
03:12:23.074 [JavaFX Application Thread] DEBUG GameApplicationServi - Starting new game
03:12:23.074 [JavaFX Application Thread] DEBUG Input                - Clearing active input actions
03:12:23.094 [JavaFX Application Thread] DEBUG GameApplicationServi - Removing overlay from GameScene and adding to FXGLLoadingScene
03:12:23.094 [JavaFX Application Thread] DEBUG PrimaryStageWindow   - GameScene -> FXGLLoadingScene
03:12:23.094 [JavaFX Application Thread] DEBUG GameApplicationServi - Clearing previous game
03:12:23.095 [JavaFX Application Thread] DEBUG GameScene            - Clearing game scene
03:12:23.095 [JavaFX Application Thread] DEBUG GameWorld            - Clearing game world
03:12:23.098 [JavaFX Application Thread] DEBUG PhysicsWorld         - Clearing physics world
03:12:23.099 [FXGL Background Thread 2 ] DEBUG FXGLApplication      - Initializing game
03:12:23.105 [FXGL Background Thread 2 ] INFO  FXGLApplication      - Game initialization took: 0.006 sec
03:12:23.108 [JavaFX Application Thread] DEBUG Input                - Clearing active input actions
03:12:23.124 [JavaFX Application Thread] DEBUG GameApplicationServi - Removing overlay from FXGLLoadingScene and adding to GameScene
03:12:23.125 [JavaFX Application Thread] DEBUG PrimaryStageWindow   - FXGLLoadingScene -> GameScene
03:12:24.800 [JavaFX Application Thread] DEBUG FXGLApplication      - Exiting FXGL
03:12:24.800 [JavaFX Application Thread] DEBUG LoopRunner           - Stopping loop
03:12:24.801 [JavaFX Application Thread] DEBUG SystemBundleService  - Saving FXGL system data
03:12:24.804 [JavaFX Application Thread] DEBUG FileSystemAccess     - Writing to: C:\Users\Pc\Programación\demo1\system\fxgl.bundle
03:12:24.808 [JavaFX Application Thread] DEBUG Async                - Shutting down background threads
03:12:24.808 [JavaFX Application Thread] DEBUG PrimaryStageWindow   - Closing main window
03:12:24.836 [JavaFX Application Thread] DEBUG Logger               - Closing Logger
