03:06:16.784 [main                     ] DEBUG Logger               - Configured Logger
03:06:16.835 [main                     ] DEBUG GameApplication      - Logging settings
Title: Mi Primer Juego FXGL
Version: 0.1
Width: 800
Height: 600
Fullscreen: false
Intro: false
Profiling: false
Single step:false
App Mode: DEVELOPER
Menu Key: ESCAPE
Stage Style: DECORATED
Scene Factory: class com.almasb.fxgl.app.scene.SceneFactory

03:06:17.634 [JavaFX Application Thread] DEBUG FXGLApplication      - Initializing FXGL
03:06:17.643 [JavaFX Application Thread] INFO  Engine               - FXGL-17.3 (30.03.2023 11.49) on WINDOWS (J:22.0.1 FX:22.0.1)
03:06:17.644 [JavaFX Application Thread] DEBUG Engine               - JRE Vendor Name: Oracle Corporation
03:06:17.645 [JavaFX Application Thread] DEBUG Engine               - Running on OS: Windows 10 version 10.0
03:06:17.645 [JavaFX Application Thread] DEBUG Engine               - Architecture: amd64
03:06:17.645 [JavaFX Application Thread] INFO  Engine               - Source code and latest versions at: https://github.com/AlmasB/FXGL
03:06:17.645 [JavaFX Application Thread] INFO  Engine               -       Ask questions and discuss at: https://github.com/AlmasB/FXGL/discussions
03:06:17.646 [JavaFX Application Thread] INFO  Engine               -              Join the FXGL chat at: https://gitter.im/AlmasB/FXGL
03:06:17.848 [JavaFX Application Thread] DEBUG PrimaryStageWindow   - Creating a JavaFX scene
03:06:17.976 [JavaFX Application Thread] DEBUG PrimaryStageWindow   - Target settings size: 800.0 x 600.0
03:06:17.977 [JavaFX Application Thread] DEBUG PrimaryStageWindow   - Scaled scene size:    800.0 x 600.0
03:06:17.977 [JavaFX Application Thread] DEBUG PrimaryStageWindow   - Scaled ratio: (1.0, 1.0)
03:06:17.980 [JavaFX Application Thread] DEBUG PrimaryStageWindow   - Set initial scene to FXGLStartupScene
03:06:17.988 [JavaFX Application Thread] DEBUG PrimaryStageWindow   - Opening main window
03:06:18.606 [JavaFX Application Thread] DEBUG PrimaryStageWindow   - Window border size: (14.66668701171875, 37.33331298828125)
03:06:18.607 [JavaFX Application Thread] DEBUG PrimaryStageWindow   - Scaled size: 800.0 x 600.0
03:06:18.608 [JavaFX Application Thread] DEBUG PrimaryStageWindow   - Scaled ratio: (1.0, 1.0)
03:06:18.608 [JavaFX Application Thread] DEBUG PrimaryStageWindow   - Scene size: 800.0 x 600.0
03:06:18.609 [JavaFX Application Thread] DEBUG PrimaryStageWindow   - Stage size: 814.6666870117188 x 637.3333129882812
03:06:18.627 [FXGL Background Thread 1 ] DEBUG Engine               - Initializing environment variables
03:06:18.772 [FXGL Background Thread 1 ] DEBUG FXGLAssetLoaderServi - User app class for loading assets: class org.example.demo1.app.MainGame
03:06:18.773 [FXGL Background Thread 1 ] DEBUG GameApplicationServi - Applying CSS: fxgl_dark.css
03:06:18.775 [FXGL Background Thread 1 ] DEBUG FXGLAssetLoaderServi - Loading from file system: jar:file:///C:/Users/Pc/.m2/repository/com/github/almasb/fxgl/17.3/fxgl-17.3.jar!/fxglassets/ui/css/fxgl_dark.css
03:06:18.894 [FXGL Background Thread 1 ] DEBUG GameApplicationServi - Initializing application scenes
03:06:19.089 [FXGL Background Thread 1 ] DEBUG GameWorld            - Game world initialized
03:06:19.200 [FXGL Background Thread 1 ] DEBUG PhysicsWorld         - Physics world initialized: appHeight=600, physics.ppm=50.0
03:06:19.201 [FXGL Background Thread 1 ] DEBUG PhysicsWorld         - Using strategy: BRUTE_FORCE
03:06:19.209 [FXGL Background Thread 1 ] DEBUG GameScene            - Game scene initialized: 800x600
03:06:19.232 [FXGL Background Thread 1 ] DEBUG FXGL.DefaultMenu     - createMenuBodyGameMenu()
03:06:19.259 [FXGL Background Thread 1 ] DEBUG FXGL.DefaultMenu     - createOptionsMenu()
03:06:19.281 [FXGL Background Thread 1 ] DEBUG FXGLAssetLoaderServi - Loading from file system: jar:file:///C:/Users/Pc/.m2/repository/com/github/almasb/fxgl/17.3/fxgl-17.3.jar!/fxglassets/textures/particles/smoke.png
03:06:19.470 [FXGL Background Thread 1 ] DEBUG FXGLAssetLoaderServi - Loading from file system: jar:file:///C:/Users/Pc/.m2/repository/com/github/almasb/fxgl/17.3/fxgl-17.3.jar!/fxglassets/textures/particles/trace_horizontal.png
03:06:19.525 [FXGL Background Thread 1 ] DEBUG GameApplicationServi - Application scenes initialized
03:06:19.556 [FXGL Background Thread 1 ] DEBUG SystemBundleService  - Loading FXGL system data
03:06:19.566 [FXGL Background Thread 1 ] DEBUG FileSystemAccess     - Reading from: C:\Users\Pc\Programación\demo1\system\fxgl.bundle
03:06:19.583 [FXGL Background Thread 1 ] DEBUG SystemBundleService  - Bundle FXGL: {}
03:06:19.583 [FXGL Background Thread 1 ] DEBUG UpdaterService       - Checking for updates
03:06:19.596 [FXGL Background Thread 1 ] DEBUG FXGLApplication      - Loading default localization
03:06:19.598 [FXGL Background Thread 1 ] DEBUG FXGLAssetLoaderServi - Loading from file system: jar:file:///C:/Users/Pc/.m2/repository/com/github/almasb/fxgl/17.3/fxgl-17.3.jar!/fxglassets/languages/english.lang
03:06:19.602 [FXGL Background Thread 4 ] DEBUG FXGLApplication      - Loading fonts
03:06:19.603 [FXGL Background Thread 4 ] DEBUG FXGLAssetLoaderServi - Loading from file system: jar:file:///C:/Users/Pc/.m2/repository/com/github/almasb/fxgl/17.3/fxgl-17.3.jar!/fxglassets/ui/fonts/VarelaRound-Regular.ttf
03:06:19.651 [FXGL Background Thread 1 ] INFO  FXGLApplication      - FXGL initialization took: 1.024 sec
03:06:19.673 [FXGL Background Thread 4 ] DEBUG FXGLAssetLoaderServi - Loading from file system: jar:file:///C:/Users/Pc/.m2/repository/com/github/almasb/fxgl/17.3/fxgl-17.3.jar!/fxglassets/ui/fonts/Abel-Regular.ttf
03:06:19.676 [JavaFX Application Thread] DEBUG Input                - Registered new binding: Click Move - LMB
03:06:19.677 [JavaFX Application Thread] DEBUG FXGLAssetLoaderServi - Loading from file system: jar:file:///C:/Users/Pc/.m2/repository/com/github/almasb/fxgl/17.3/fxgl-17.3.jar!/fxglassets/textures/fxgl_icon.png
03:06:19.735 [FXGL Background Thread 4 ] DEBUG FXGLAssetLoaderServi - Loading from file system: jar:file:///C:/Users/Pc/.m2/repository/com/github/almasb/fxgl/17.3/fxgl-17.3.jar!/fxglassets/ui/fonts/TerminalLandMono-Regular.otf
03:06:19.736 [JavaFX Application Thread] DEBUG FXGLAssetLoaderServi - Loading from file system: jar:file:///C:/Users/Pc/.m2/repository/com/github/almasb/fxgl/17.3/fxgl-17.3.jar!/fxglassets/textures/fxgl_default_cursor.png
03:06:19.751 [JavaFX Application Thread] DEBUG Input                - Registered new binding: Screenshot - CTRL+8
03:06:19.751 [JavaFX Application Thread] DEBUG Input                - Registered new binding: System info dump - CTRL+9
03:06:19.752 [JavaFX Application Thread] DEBUG Input                - Registered new binding: Restart - CTRL+R
03:06:19.753 [FXGL Background Thread 4 ] DEBUG FXGLAssetLoaderServi - Loading from file system: jar:file:///C:/Users/Pc/.m2/repository/com/github/almasb/fxgl/17.3/fxgl-17.3.jar!/fxglassets/ui/fonts/Courier-Prime.ttf
03:06:19.754 [JavaFX Application Thread] DEBUG Input                - Registered new binding: Toggle Debug Camera - CTRL+7
03:06:19.759 [JavaFX Application Thread] DEBUG LoopRunner           - Starting loop
03:06:19.759 [JavaFX Application Thread] DEBUG LoopRunner           - Initializing JavaFX AnimationTimerLoop
03:06:19.763 [JavaFX Application Thread] DEBUG GameApplicationServi - Starting new game
03:06:19.764 [JavaFX Application Thread] DEBUG Input                - Clearing active input actions
03:06:19.801 [JavaFX Application Thread] DEBUG GameApplicationServi - Removing overlay from FXGLStartupScene and adding to FXGLLoadingScene
03:06:19.802 [JavaFX Application Thread] DEBUG PrimaryStageWindow   - FXGLStartupScene -> FXGLLoadingScene
03:06:19.802 [JavaFX Application Thread] DEBUG GameApplicationServi - Clearing previous game
03:06:19.802 [JavaFX Application Thread] DEBUG GameScene            - Clearing game scene
03:06:19.803 [JavaFX Application Thread] DEBUG GameWorld            - Clearing game world
03:06:19.805 [JavaFX Application Thread] DEBUG PhysicsWorld         - Clearing physics world
03:06:19.811 [FXGL Background Thread 4 ] DEBUG FXGLApplication      - Initializing game
03:06:19.897 [JavaFX Application Thread] DEBUG FXGLApplication      - Registering font factories with UI factory
03:06:19.980 [FXGL Background Thread 4 ] INFO  FXGLApplication      - Game initialization took: 0.169 sec
03:06:20.124 [JavaFX Application Thread] DEBUG Input                - Clearing active input actions
03:06:20.168 [JavaFX Application Thread] DEBUG GameApplicationServi - Removing overlay from FXGLLoadingScene and adding to GameScene
03:06:20.169 [JavaFX Application Thread] DEBUG PrimaryStageWindow   - FXGLLoadingScene -> GameScene
03:06:21.004 [FXGL Background Thread 2 ] INFO  UpdaterService       - Your current version:  17.3
03:06:21.005 [FXGL Background Thread 2 ] INFO  UpdaterService       - Latest stable version: 21.1
03:06:22.591 [FXGL Background Thread 3 ] DEBUG Engine               - Logging environment variables
03:06:22.592 [FXGL Background Thread 3 ] DEBUG Engine               - achievements: []
03:06:22.592 [FXGL Background Thread 3 ] DEBUG Engine               - actualHeight: 600.0
03:06:22.592 [FXGL Background Thread 3 ] DEBUG Engine               - actualHeightProperty: ReadOnlyDoubleProperty [value: 600.0]
03:06:22.592 [FXGL Background Thread 3 ] DEBUG Engine               - actualWidth: 800.0
03:06:22.592 [FXGL Background Thread 3 ] DEBUG Engine               - actualWidthProperty: ReadOnlyDoubleProperty [value: 800.0]
03:06:22.592 [FXGL Background Thread 3 ] DEBUG Engine               - appIcon: fxgl_icon.png
03:06:22.593 [FXGL Background Thread 3 ] DEBUG Engine               - applicationMode: DEVELOPER
03:06:22.593 [FXGL Background Thread 3 ] DEBUG Engine               - cSSList: [fxgl_dark.css]
03:06:22.593 [FXGL Background Thread 3 ] DEBUG Engine               - collisionDetectionStrategy: BRUTE_FORCE
03:06:22.593 [FXGL Background Thread 3 ] DEBUG Engine               - configClass: Optional.empty
03:06:22.593 [FXGL Background Thread 3 ] DEBUG Engine               - credits: []
03:06:22.593 [FXGL Background Thread 3 ] DEBUG Engine               - defaultCursor: CursorInfo(imageName=fxgl_default_cursor.png, hotspotX=7.0, hotspotY=6.0)
03:06:22.594 [FXGL Background Thread 3 ] DEBUG Engine               - devBBoxColorProperty: ObjectProperty [value: 0xff0000ff]
03:06:22.594 [FXGL Background Thread 3 ] DEBUG Engine               - devEnableDebugCameraProperty: BooleanProperty [value: false]
03:06:22.594 [FXGL Background Thread 3 ] DEBUG Engine               - devSensorColorProperty: ObjectProperty [value: 0xffff00ff]
03:06:22.594 [FXGL Background Thread 3 ] DEBUG Engine               - devShowBBoxProperty: BooleanProperty [value: false]
03:06:22.594 [FXGL Background Thread 3 ] DEBUG Engine               - devShowPositionProperty: BooleanProperty [value: false]
03:06:22.594 [FXGL Background Thread 3 ] DEBUG Engine               - enabledMenuItems: []
03:06:22.594 [FXGL Background Thread 3 ] DEBUG Engine               - engineServices: [class com.almasb.fxgl.app.services.FXGLAssetLoaderService, class com.almasb.fxgl.app.FXGLApplication$GameApplicationService, class com.almasb.fxgl.app.services.FXGLDialogService, class com.almasb.fxgl.app.services.IOTaskExecutorService, class com.almasb.fxgl.io.FileSystemService, class com.almasb.fxgl.localization.LocalizationService, class com.almasb.fxgl.app.services.SystemBundleService, class com.almasb.fxgl.profile.SaveLoadService, class com.almasb.fxgl.ui.FXGLUIFactoryServiceProvider, class com.almasb.fxgl.ui.FXGLDialogFactoryServiceProvider, class com.almasb.fxgl.audio.AudioPlayer, class com.almasb.fxgl.notification.impl.NotificationServiceProvider, class com.almasb.fxgl.achievement.AchievementService, class com.almasb.fxgl.cutscene.CutsceneService, class com.almasb.fxgl.minigames.MiniGameService, class com.almasb.fxgl.net.NetService, class com.almasb.fxgl.app.services.UpdaterService, class com.almasb.fxgl.dev.DevService]
03:06:22.594 [FXGL Background Thread 3 ] DEBUG Engine               - fontGame: Abel-Regular.ttf
03:06:22.595 [FXGL Background Thread 3 ] DEBUG Engine               - fontMono: TerminalLandMono-Regular.otf
03:06:22.595 [FXGL Background Thread 3 ] DEBUG Engine               - fontSizeScaleUI: 1.0
03:06:22.595 [FXGL Background Thread 3 ] DEBUG Engine               - fontText: Courier-Prime.ttf
03:06:22.595 [FXGL Background Thread 3 ] DEBUG Engine               - fontUI: VarelaRound-Regular.ttf
03:06:22.595 [FXGL Background Thread 3 ] DEBUG Engine               - fullScreen: BooleanProperty [value: false]
03:06:22.595 [FXGL Background Thread 3 ] DEBUG Engine               - gameDifficulty: MEDIUM
03:06:22.595 [FXGL Background Thread 3 ] DEBUG Engine               - gameDifficultyProperty: ObjectProperty [value: MEDIUM]
03:06:22.595 [FXGL Background Thread 3 ] DEBUG Engine               - globalMusicVolume: 0.5
03:06:22.595 [FXGL Background Thread 3 ] DEBUG Engine               - globalMusicVolumeProperty: DoubleProperty [value: 0.5]
03:06:22.595 [FXGL Background Thread 3 ] DEBUG Engine               - globalSoundVolume: 0.5
03:06:22.596 [FXGL Background Thread 3 ] DEBUG Engine               - globalSoundVolumeProperty: DoubleProperty [value: 0.5]
03:06:22.596 [FXGL Background Thread 3 ] DEBUG Engine               - height: 600
03:06:22.596 [FXGL Background Thread 3 ] DEBUG Engine               - is3D: false
03:06:22.596 [FXGL Background Thread 3 ] DEBUG Engine               - isAndroid: false
03:06:22.596 [FXGL Background Thread 3 ] DEBUG Engine               - isBrowser: false
03:06:22.596 [FXGL Background Thread 3 ] DEBUG Engine               - isClickFeedbackEnabled: false
03:06:22.596 [FXGL Background Thread 3 ] DEBUG Engine               - isCloseConfirmation: false
03:06:22.596 [FXGL Background Thread 3 ] DEBUG Engine               - isDesktop: true
03:06:22.596 [FXGL Background Thread 3 ] DEBUG Engine               - isDeveloperMenuEnabled: false
03:06:22.596 [FXGL Background Thread 3 ] DEBUG Engine               - isEmbedded: false
03:06:22.596 [FXGL Background Thread 3 ] DEBUG Engine               - isEntityPreloadEnabled: true
03:06:22.596 [FXGL Background Thread 3 ] DEBUG Engine               - isExperimentalTiledLargeMap: false
03:06:22.596 [FXGL Background Thread 3 ] DEBUG Engine               - isFileSystemWriteAllowed: true
03:06:22.596 [FXGL Background Thread 3 ] DEBUG Engine               - isFullScreenAllowed: false
03:06:22.597 [FXGL Background Thread 3 ] DEBUG Engine               - isFullScreenFromStart: false
03:06:22.597 [FXGL Background Thread 3 ] DEBUG Engine               - isGameMenuEnabled: true
03:06:22.597 [FXGL Background Thread 3 ] DEBUG Engine               - isIOS: false
03:06:22.597 [FXGL Background Thread 3 ] DEBUG Engine               - isIntroEnabled: false
03:06:22.597 [FXGL Background Thread 3 ] DEBUG Engine               - isLinux: false
03:06:22.597 [FXGL Background Thread 3 ] DEBUG Engine               - isMac: false
03:06:22.597 [FXGL Background Thread 3 ] DEBUG Engine               - isMainMenuEnabled: false
03:06:22.597 [FXGL Background Thread 3 ] DEBUG Engine               - isManualResizeEnabled: false
03:06:22.597 [FXGL Background Thread 3 ] DEBUG Engine               - isMobile: false
03:06:22.597 [FXGL Background Thread 3 ] DEBUG Engine               - isNative: false
03:06:22.597 [FXGL Background Thread 3 ] DEBUG Engine               - isPauseMusicWhenMinimized: true
03:06:22.599 [FXGL Background Thread 3 ] DEBUG Engine               - isPreserveResizeRatio: false
03:06:22.599 [FXGL Background Thread 3 ] DEBUG Engine               - isProfilingEnabled: false
03:06:22.600 [FXGL Background Thread 3 ] DEBUG Engine               - isScaleAffectedOnResize: true
03:06:22.600 [FXGL Background Thread 3 ] DEBUG Engine               - isSingleStep: false
03:06:22.602 [FXGL Background Thread 3 ] DEBUG Engine               - isUserProfileEnabled: false
03:06:22.602 [FXGL Background Thread 3 ] DEBUG Engine               - isWindows: true
03:06:22.602 [FXGL Background Thread 3 ] DEBUG Engine               - language: ObjectProperty [value: ENGLISH]
03:06:22.602 [FXGL Background Thread 3 ] DEBUG Engine               - menuKey: ESCAPE
03:06:22.602 [FXGL Background Thread 3 ] DEBUG Engine               - mouseSensitivity: 0.2
03:06:22.602 [FXGL Background Thread 3 ] DEBUG Engine               - notificationViewClass: class com.almasb.fxgl.notification.view.XboxNotificationView
03:06:22.603 [FXGL Background Thread 3 ] DEBUG Engine               - pixelsPerMeter: 50.0
03:06:22.603 [FXGL Background Thread 3 ] DEBUG Engine               - platform: WINDOWS
03:06:22.603 [FXGL Background Thread 3 ] DEBUG Engine               - prefHeightProperty: ReadOnlyDoubleProperty [value: 600.0]
03:06:22.603 [FXGL Background Thread 3 ] DEBUG Engine               - prefWidthProperty: ReadOnlyDoubleProperty [value: 800.0]
03:06:22.603 [FXGL Background Thread 3 ] DEBUG Engine               - profileDir: profiles/
03:06:22.603 [FXGL Background Thread 3 ] DEBUG Engine               - profileName: StringProperty [value: DEFAULT]
03:06:22.603 [FXGL Background Thread 3 ] DEBUG Engine               - randomSeed: -1
03:06:22.604 [FXGL Background Thread 3 ] DEBUG Engine               - runtimeInfo: RuntimeInfo(platform=WINDOWS, version=17.3, build=30.03.2023 11.49)
03:06:22.604 [FXGL Background Thread 3 ] DEBUG Engine               - saveFileExt: sav
03:06:22.604 [FXGL Background Thread 3 ] DEBUG Engine               - scaledHeightProp$fxgl: DoubleProperty [bound, value: 600.0]
03:06:22.604 [FXGL Background Thread 3 ] DEBUG Engine               - scaledWidthProp$fxgl: DoubleProperty [bound, value: 800.0]
03:06:22.604 [FXGL Background Thread 3 ] DEBUG Engine               - sceneFactory: com.almasb.fxgl.app.scene.SceneFactory@ce7de34
03:06:22.604 [FXGL Background Thread 3 ] DEBUG Engine               - secondsIn24h: 60
03:06:22.604 [FXGL Background Thread 3 ] DEBUG Engine               - soundMenuBack: menu/back.wav
03:06:22.604 [FXGL Background Thread 3 ] DEBUG Engine               - soundMenuPress: menu/press.wav
03:06:22.604 [FXGL Background Thread 3 ] DEBUG Engine               - soundMenuSelect: menu/select.wav
03:06:22.604 [FXGL Background Thread 3 ] DEBUG Engine               - soundNotification: core/notification.wav
03:06:22.604 [FXGL Background Thread 3 ] DEBUG Engine               - stageStyle: DECORATED
03:06:22.605 [FXGL Background Thread 3 ] DEBUG Engine               - supportedLanguages: [ENGLISH, FRENCH, GERMAN, HUNGARIAN, RUSSIAN]
03:06:22.605 [FXGL Background Thread 3 ] DEBUG Engine               - ticksPerSecond: -1
03:06:22.605 [FXGL Background Thread 3 ] DEBUG Engine               - title: Mi Primer Juego FXGL
03:06:22.605 [FXGL Background Thread 3 ] DEBUG Engine               - urlGithub: https://github.com/AlmasB/FXGL
03:06:22.605 [FXGL Background Thread 3 ] DEBUG Engine               - urlLeaderboard: http://fxgl-top.herokuapp.com/
03:06:22.605 [FXGL Background Thread 3 ] DEBUG Engine               - urlPOM: https://raw.githubusercontent.com/AlmasB/FXGL/release/README.md
03:06:22.606 [FXGL Background Thread 3 ] DEBUG Engine               - userAppClass: class org.example.demo1.app.MainGame
03:06:22.606 [FXGL Background Thread 3 ] DEBUG Engine               - version: 0.1
03:06:22.606 [FXGL Background Thread 3 ] DEBUG Engine               - versionCheckDays: 7
03:06:22.606 [FXGL Background Thread 3 ] DEBUG Engine               - width: 800
03:06:22.606 [FXGL Background Thread 3 ] DEBUG Engine               - Logging services
03:06:22.606 [FXGL Background Thread 3 ] DEBUG Engine               - class com.almasb.fxgl.app.services.FXGLAssetLoaderService
03:06:22.606 [FXGL Background Thread 3 ] DEBUG Engine               - class com.almasb.fxgl.app.FXGLApplication$GameApplicationService
03:06:22.607 [FXGL Background Thread 3 ] DEBUG Engine               - class com.almasb.fxgl.app.services.FXGLDialogService
03:06:22.607 [FXGL Background Thread 3 ] DEBUG Engine               - class com.almasb.fxgl.app.services.IOTaskExecutorService
03:06:22.607 [FXGL Background Thread 3 ] DEBUG Engine               - class com.almasb.fxgl.io.FileSystemService
03:06:22.607 [FXGL Background Thread 3 ] DEBUG Engine               - class com.almasb.fxgl.localization.LocalizationService
03:06:22.607 [FXGL Background Thread 3 ] DEBUG Engine               - class com.almasb.fxgl.app.services.SystemBundleService
03:06:22.607 [FXGL Background Thread 3 ] DEBUG Engine               - class com.almasb.fxgl.profile.SaveLoadService
03:06:22.607 [FXGL Background Thread 3 ] DEBUG Engine               - class com.almasb.fxgl.ui.FXGLUIFactoryServiceProvider
03:06:22.607 [FXGL Background Thread 3 ] DEBUG Engine               - class com.almasb.fxgl.ui.FXGLDialogFactoryServiceProvider
03:06:22.607 [FXGL Background Thread 3 ] DEBUG Engine               - class com.almasb.fxgl.audio.AudioPlayer
03:06:22.607 [FXGL Background Thread 3 ] DEBUG Engine               - class com.almasb.fxgl.notification.impl.NotificationServiceProvider
03:06:22.607 [FXGL Background Thread 3 ] DEBUG Engine               - class com.almasb.fxgl.achievement.AchievementService
03:06:22.607 [FXGL Background Thread 3 ] DEBUG Engine               - class com.almasb.fxgl.cutscene.CutsceneService
03:06:22.607 [FXGL Background Thread 3 ] DEBUG Engine               - class com.almasb.fxgl.minigames.MiniGameService
03:06:22.607 [FXGL Background Thread 3 ] DEBUG Engine               - class com.almasb.fxgl.net.NetService
03:06:22.607 [FXGL Background Thread 3 ] DEBUG Engine               - class com.almasb.fxgl.app.services.UpdaterService
03:06:22.607 [FXGL Background Thread 3 ] DEBUG Engine               - class com.almasb.fxgl.dev.DevService
03:06:25.617 [JavaFX Application Thread] DEBUG FXGLApplication      - Exiting FXGL
03:06:25.618 [JavaFX Application Thread] DEBUG LoopRunner           - Stopping loop
03:06:25.619 [JavaFX Application Thread] DEBUG SystemBundleService  - Saving FXGL system data
03:06:25.625 [JavaFX Application Thread] DEBUG FileSystemAccess     - Writing to: C:\Users\Pc\Programación\demo1\system\fxgl.bundle
03:06:25.629 [JavaFX Application Thread] DEBUG Async                - Shutting down background threads
03:06:25.630 [JavaFX Application Thread] DEBUG PrimaryStageWindow   - Closing main window
03:06:25.711 [JavaFX Application Thread] DEBUG Logger               - Closing Logger
