18:34:37.750 [main                     ] DEBUG Logger               - Configured Logger
18:34:37.801 [main                     ] DEBUG GameApplication      - Logging settings
Title: Mi Primer Juego FXGL
Version: 0.1
Width: 800
Height: 600
Fullscreen: false
Intro: false
Profiling: false
Single step:false
App Mode: DEVELOPER
Menu Key: ESCAPE
Stage Style: DECORATED
Scene Factory: class com.almasb.fxgl.app.scene.SceneFactory

18:34:38.606 [JavaFX Application Thread] DEBUG FXGLApplication      - Initializing FXGL
18:34:38.616 [JavaFX Application Thread] INFO  Engine               - FXGL-17.3 (30.03.2023 11.49) on WINDOWS (J:22.0.1 FX:22.0.1)
18:34:38.617 [JavaFX Application Thread] DEBUG Engine               - JRE Vendor Name: Oracle Corporation
18:34:38.617 [JavaFX Application Thread] DEBUG Engine               - Running on OS: Windows 10 version 10.0
18:34:38.618 [JavaFX Application Thread] DEBUG Engine               - Architecture: amd64
18:34:38.618 [JavaFX Application Thread] INFO  Engine               - Source code and latest versions at: https://github.com/AlmasB/FXGL
18:34:38.618 [JavaFX Application Thread] INFO  Engine               -       Ask questions and discuss at: https://github.com/AlmasB/FXGL/discussions
18:34:38.619 [JavaFX Application Thread] INFO  Engine               -              Join the FXGL chat at: https://gitter.im/AlmasB/FXGL
18:34:38.807 [JavaFX Application Thread] DEBUG PrimaryStageWindow   - Creating a JavaFX scene
18:34:38.917 [JavaFX Application Thread] DEBUG PrimaryStageWindow   - Target settings size: 800.0 x 600.0
18:34:38.918 [JavaFX Application Thread] DEBUG PrimaryStageWindow   - Scaled scene size:    800.0 x 600.0
18:34:38.918 [JavaFX Application Thread] DEBUG PrimaryStageWindow   - Scaled ratio: (1.0, 1.0)
18:34:38.920 [JavaFX Application Thread] DEBUG PrimaryStageWindow   - Set initial scene to FXGLStartupScene
18:34:38.928 [JavaFX Application Thread] DEBUG PrimaryStageWindow   - Opening main window
18:34:39.508 [JavaFX Application Thread] DEBUG PrimaryStageWindow   - Window border size: (14.66668701171875, 37.33331298828125)
18:34:39.509 [JavaFX Application Thread] DEBUG PrimaryStageWindow   - Scaled size: 800.0 x 600.0
18:34:39.509 [JavaFX Application Thread] DEBUG PrimaryStageWindow   - Scaled ratio: (1.0, 1.0)
18:34:39.510 [JavaFX Application Thread] DEBUG PrimaryStageWindow   - Scene size: 800.0 x 600.0
18:34:39.511 [JavaFX Application Thread] DEBUG PrimaryStageWindow   - Stage size: 814.6666870117188 x 637.3333129882812
18:34:39.529 [FXGL Background Thread 1 ] DEBUG Engine               - Initializing environment variables
18:34:39.656 [FXGL Background Thread 1 ] DEBUG FXGLAssetLoaderServi - User app class for loading assets: class org.example.demo1.app.MainGame
18:34:39.656 [FXGL Background Thread 1 ] DEBUG GameApplicationServi - Applying CSS: fxgl_dark.css
18:34:39.658 [FXGL Background Thread 1 ] DEBUG FXGLAssetLoaderServi - Loading from file system: jar:file:///C:/Users/Pc/.m2/repository/com/github/almasb/fxgl/17.3/fxgl-17.3.jar!/fxglassets/ui/css/fxgl_dark.css
18:34:39.765 [FXGL Background Thread 1 ] DEBUG GameApplicationServi - Initializing application scenes
18:34:39.919 [FXGL Background Thread 1 ] DEBUG GameWorld            - Game world initialized
18:34:40.027 [FXGL Background Thread 1 ] DEBUG PhysicsWorld         - Physics world initialized: appHeight=600, physics.ppm=50.0
18:34:40.027 [FXGL Background Thread 1 ] DEBUG PhysicsWorld         - Using strategy: BRUTE_FORCE
18:34:40.034 [FXGL Background Thread 1 ] DEBUG GameScene            - Game scene initialized: 800x600
18:34:40.054 [FXGL Background Thread 1 ] DEBUG FXGL.DefaultMenu     - createMenuBodyGameMenu()
18:34:40.082 [FXGL Background Thread 1 ] DEBUG FXGL.DefaultMenu     - createOptionsMenu()
18:34:40.106 [FXGL Background Thread 1 ] DEBUG FXGLAssetLoaderServi - Loading from file system: jar:file:///C:/Users/Pc/.m2/repository/com/github/almasb/fxgl/17.3/fxgl-17.3.jar!/fxglassets/textures/particles/smoke.png
18:34:40.284 [FXGL Background Thread 1 ] DEBUG FXGLAssetLoaderServi - Loading from file system: jar:file:///C:/Users/Pc/.m2/repository/com/github/almasb/fxgl/17.3/fxgl-17.3.jar!/fxglassets/textures/particles/trace_horizontal.png
18:34:40.331 [FXGL Background Thread 1 ] DEBUG GameApplicationServi - Application scenes initialized
18:34:40.362 [FXGL Background Thread 1 ] DEBUG SystemBundleService  - Loading FXGL system data
18:34:40.372 [FXGL Background Thread 1 ] DEBUG FileSystemAccess     - Reading from: C:\Users\Pc\Programación\demo1\system\fxgl.bundle
18:34:40.389 [FXGL Background Thread 1 ] DEBUG SystemBundleService  - Bundle FXGL: {}
18:34:40.389 [FXGL Background Thread 1 ] DEBUG UpdaterService       - Checking for updates
18:34:40.402 [FXGL Background Thread 1 ] DEBUG FXGLApplication      - Loading default localization
18:34:40.404 [FXGL Background Thread 1 ] DEBUG FXGLAssetLoaderServi - Loading from file system: jar:file:///C:/Users/Pc/.m2/repository/com/github/almasb/fxgl/17.3/fxgl-17.3.jar!/fxglassets/languages/english.lang
18:34:40.408 [FXGL Background Thread 4 ] DEBUG FXGLApplication      - Loading fonts
18:34:40.411 [FXGL Background Thread 4 ] DEBUG FXGLAssetLoaderServi - Loading from file system: jar:file:///C:/Users/Pc/.m2/repository/com/github/almasb/fxgl/17.3/fxgl-17.3.jar!/fxglassets/ui/fonts/VarelaRound-Regular.ttf
18:34:40.450 [FXGL Background Thread 1 ] INFO  FXGLApplication      - FXGL initialization took: 0.921 sec
18:34:40.472 [JavaFX Application Thread] DEBUG Input                - Registered new binding: action0 - LMB
18:34:40.475 [JavaFX Application Thread] DEBUG FXGLAssetLoaderServi - Loading from file system: jar:file:///C:/Users/Pc/.m2/repository/com/github/almasb/fxgl/17.3/fxgl-17.3.jar!/fxglassets/textures/fxgl_icon.png
18:34:40.486 [FXGL Background Thread 4 ] DEBUG FXGLAssetLoaderServi - Loading from file system: jar:file:///C:/Users/Pc/.m2/repository/com/github/almasb/fxgl/17.3/fxgl-17.3.jar!/fxglassets/ui/fonts/Abel-Regular.ttf
18:34:40.495 [FXGL Background Thread 4 ] DEBUG FXGLAssetLoaderServi - Loading from file system: jar:file:///C:/Users/Pc/.m2/repository/com/github/almasb/fxgl/17.3/fxgl-17.3.jar!/fxglassets/ui/fonts/TerminalLandMono-Regular.otf
18:34:40.507 [FXGL Background Thread 4 ] DEBUG FXGLAssetLoaderServi - Loading from file system: jar:file:///C:/Users/Pc/.m2/repository/com/github/almasb/fxgl/17.3/fxgl-17.3.jar!/fxglassets/ui/fonts/Courier-Prime.ttf
18:34:40.545 [JavaFX Application Thread] DEBUG FXGLAssetLoaderServi - Loading from file system: jar:file:///C:/Users/Pc/.m2/repository/com/github/almasb/fxgl/17.3/fxgl-17.3.jar!/fxglassets/textures/fxgl_default_cursor.png
18:34:40.558 [JavaFX Application Thread] DEBUG Input                - Registered new binding: Screenshot - CTRL+8
18:34:40.559 [JavaFX Application Thread] DEBUG Input                - Registered new binding: System info dump - CTRL+9
18:34:40.561 [JavaFX Application Thread] DEBUG Input                - Registered new binding: Restart - CTRL+R
18:34:40.563 [JavaFX Application Thread] DEBUG Input                - Registered new binding: Toggle Debug Camera - CTRL+7
18:34:40.568 [JavaFX Application Thread] DEBUG LoopRunner           - Starting loop
18:34:40.568 [JavaFX Application Thread] DEBUG LoopRunner           - Initializing JavaFX AnimationTimerLoop
18:34:40.574 [JavaFX Application Thread] DEBUG GameApplicationServi - Starting new game
18:34:40.575 [JavaFX Application Thread] DEBUG Input                - Clearing active input actions
18:34:40.596 [JavaFX Application Thread] DEBUG GameApplicationServi - Removing overlay from FXGLStartupScene and adding to FXGLLoadingScene
18:34:40.597 [JavaFX Application Thread] DEBUG PrimaryStageWindow   - FXGLStartupScene -> FXGLLoadingScene
18:34:40.598 [JavaFX Application Thread] DEBUG GameApplicationServi - Clearing previous game
18:34:40.598 [JavaFX Application Thread] DEBUG GameScene            - Clearing game scene
18:34:40.598 [JavaFX Application Thread] DEBUG GameWorld            - Clearing game world
18:34:40.598 [JavaFX Application Thread] DEBUG PhysicsWorld         - Clearing physics world
18:34:40.601 [FXGL Background Thread 4 ] DEBUG FXGLApplication      - Initializing game
18:34:40.601 [JavaFX Application Thread] DEBUG FXGLApplication      - Registering font factories with UI factory
18:34:40.702 [FXGL Background Thread 4 ] INFO  FXGLApplication      - Game initialization took: 0.101 sec
18:34:40.715 [JavaFX Application Thread] DEBUG Input                - Clearing active input actions
18:34:40.729 [JavaFX Application Thread] DEBUG GameApplicationServi - Removing overlay from FXGLLoadingScene and adding to GameScene
18:34:40.730 [JavaFX Application Thread] DEBUG PrimaryStageWindow   - FXGLLoadingScene -> GameScene
18:34:41.776 [FXGL Background Thread 2 ] INFO  UpdaterService       - Your current version:  17.3
18:34:41.777 [FXGL Background Thread 2 ] INFO  UpdaterService       - Latest stable version: 21.1
18:34:43.253 [JavaFX Application Thread] DEBUG FXGLApplication      - Exiting FXGL
18:34:43.253 [JavaFX Application Thread] DEBUG LoopRunner           - Stopping loop
18:34:43.254 [JavaFX Application Thread] DEBUG SystemBundleService  - Saving FXGL system data
18:34:43.258 [JavaFX Application Thread] DEBUG FileSystemAccess     - Writing to: C:\Users\Pc\Programación\demo1\system\fxgl.bundle
18:34:43.262 [JavaFX Application Thread] DEBUG Async                - Shutting down background threads
18:34:43.263 [JavaFX Application Thread] DEBUG PrimaryStageWindow   - Closing main window
18:34:43.289 [JavaFX Application Thread] DEBUG Logger               - Closing Logger
