17:18:40.747 [main                     ] DEBUG Logger               - Configured Logger
17:18:40.805 [main                     ] DEBUG GameApplication      - Logging settings
Title: Mi Primer Juego FXGL
Version: 0.1
Width: 800
Height: 600
Fullscreen: false
Intro: false
Profiling: false
Single step:false
App Mode: DEVELOPER
Menu Key: ESCAPE
Stage Style: DECORATED
Scene Factory: class com.almasb.fxgl.app.scene.SceneFactory

17:18:41.973 [JavaFX Application Thread] DEBUG FXGLApplication      - Initializing FXGL
17:18:41.984 [JavaFX Application Thread] INFO  Engine               - FXGL-17.3 (30.03.2023 11.49) on WINDOWS (J:22.0.1 FX:22.0.1)
17:18:41.986 [JavaFX Application Thread] DEBUG Engine               - JRE Vendor Name: Oracle Corporation
17:18:41.986 [JavaFX Application Thread] DEBUG Engine               - Running on OS: Windows 10 version 10.0
17:18:41.987 [JavaFX Application Thread] DEBUG Engine               - Architecture: amd64
17:18:41.987 [JavaFX Application Thread] INFO  Engine               - Source code and latest versions at: https://github.com/AlmasB/FXGL
17:18:41.988 [JavaFX Application Thread] INFO  Engine               -       Ask questions and discuss at: https://github.com/AlmasB/FXGL/discussions
17:18:41.989 [JavaFX Application Thread] INFO  Engine               -              Join the FXGL chat at: https://gitter.im/AlmasB/FXGL
17:18:42.270 [JavaFX Application Thread] DEBUG PrimaryStageWindow   - Creating a JavaFX scene
17:18:42.392 [JavaFX Application Thread] DEBUG PrimaryStageWindow   - Target settings size: 800.0 x 600.0
17:18:42.392 [JavaFX Application Thread] DEBUG PrimaryStageWindow   - Scaled scene size:    800.0 x 600.0
17:18:42.393 [JavaFX Application Thread] DEBUG PrimaryStageWindow   - Scaled ratio: (1.0, 1.0)
17:18:42.395 [JavaFX Application Thread] DEBUG PrimaryStageWindow   - Set initial scene to FXGLStartupScene
17:18:42.404 [JavaFX Application Thread] DEBUG PrimaryStageWindow   - Opening main window
17:18:42.992 [JavaFX Application Thread] DEBUG PrimaryStageWindow   - Window border size: (14.66668701171875, 37.33331298828125)
17:18:42.993 [JavaFX Application Thread] DEBUG PrimaryStageWindow   - Scaled size: 800.0 x 600.0
17:18:42.994 [JavaFX Application Thread] DEBUG PrimaryStageWindow   - Scaled ratio: (1.0, 1.0)
17:18:42.995 [JavaFX Application Thread] DEBUG PrimaryStageWindow   - Scene size: 800.0 x 600.0
17:18:42.995 [JavaFX Application Thread] DEBUG PrimaryStageWindow   - Stage size: 814.6666870117188 x 637.3333129882812
17:18:43.086 [FXGL Background Thread 1 ] DEBUG Engine               - Initializing environment variables
17:18:43.222 [FXGL Background Thread 1 ] DEBUG FXGLAssetLoaderServi - User app class for loading assets: class org.example.demo1.app.MainGame
17:18:43.222 [FXGL Background Thread 1 ] DEBUG GameApplicationServi - Applying CSS: fxgl_dark.css
17:18:43.224 [FXGL Background Thread 1 ] DEBUG FXGLAssetLoaderServi - Loading from file system: jar:file:///C:/Users/Pc/.m2/repository/com/github/almasb/fxgl/17.3/fxgl-17.3.jar!/fxglassets/ui/css/fxgl_dark.css
17:18:43.360 [FXGL Background Thread 1 ] DEBUG GameApplicationServi - Initializing application scenes
17:18:43.542 [FXGL Background Thread 1 ] DEBUG GameWorld            - Game world initialized
17:18:43.668 [FXGL Background Thread 1 ] DEBUG PhysicsWorld         - Physics world initialized: appHeight=600, physics.ppm=50.0
17:18:43.669 [FXGL Background Thread 1 ] DEBUG PhysicsWorld         - Using strategy: BRUTE_FORCE
17:18:43.677 [FXGL Background Thread 1 ] DEBUG GameScene            - Game scene initialized: 800x600
17:18:43.704 [FXGL Background Thread 1 ] DEBUG FXGL.DefaultMenu     - createMenuBodyGameMenu()
17:18:43.739 [FXGL Background Thread 1 ] DEBUG FXGL.DefaultMenu     - createOptionsMenu()
17:18:43.765 [FXGL Background Thread 1 ] DEBUG FXGLAssetLoaderServi - Loading from file system: jar:file:///C:/Users/Pc/.m2/repository/com/github/almasb/fxgl/17.3/fxgl-17.3.jar!/fxglassets/textures/particles/smoke.png
17:18:43.965 [FXGL Background Thread 1 ] DEBUG FXGLAssetLoaderServi - Loading from file system: jar:file:///C:/Users/Pc/.m2/repository/com/github/almasb/fxgl/17.3/fxgl-17.3.jar!/fxglassets/textures/particles/trace_horizontal.png
17:18:44.021 [FXGL Background Thread 1 ] DEBUG GameApplicationServi - Application scenes initialized
17:18:44.054 [FXGL Background Thread 1 ] DEBUG SystemBundleService  - Loading FXGL system data
17:18:44.068 [FXGL Background Thread 1 ] DEBUG FileSystemAccess     - Reading from: C:\Users\Pc\Programación\demo1\system\fxgl.bundle
17:18:44.089 [FXGL Background Thread 1 ] DEBUG SystemBundleService  - Bundle FXGL: {}
17:18:44.090 [FXGL Background Thread 1 ] DEBUG UpdaterService       - Checking for updates
17:18:44.102 [FXGL Background Thread 1 ] DEBUG FXGLApplication      - Loading default localization
17:18:44.103 [FXGL Background Thread 1 ] DEBUG FXGLAssetLoaderServi - Loading from file system: jar:file:///C:/Users/Pc/.m2/repository/com/github/almasb/fxgl/17.3/fxgl-17.3.jar!/fxglassets/languages/english.lang
17:18:44.103 [FXGL Background Thread 4 ] DEBUG FXGLApplication      - Loading fonts
17:18:44.108 [FXGL Background Thread 4 ] DEBUG FXGLAssetLoaderServi - Loading from file system: jar:file:///C:/Users/Pc/.m2/repository/com/github/almasb/fxgl/17.3/fxgl-17.3.jar!/fxglassets/ui/fonts/VarelaRound-Regular.ttf
17:18:44.174 [FXGL Background Thread 1 ] INFO  FXGLApplication      - FXGL initialization took: 1.089 sec
17:18:44.192 [JavaFX Application Thread] DEBUG Input                - Registered new binding: action0 - LMB
17:18:44.193 [JavaFX Application Thread] DEBUG FXGLAssetLoaderServi - Loading from file system: jar:file:///C:/Users/Pc/.m2/repository/com/github/almasb/fxgl/17.3/fxgl-17.3.jar!/fxglassets/textures/fxgl_icon.png
17:18:44.195 [FXGL Background Thread 4 ] DEBUG FXGLAssetLoaderServi - Loading from file system: jar:file:///C:/Users/Pc/.m2/repository/com/github/almasb/fxgl/17.3/fxgl-17.3.jar!/fxglassets/ui/fonts/Abel-Regular.ttf
17:18:44.206 [FXGL Background Thread 4 ] DEBUG FXGLAssetLoaderServi - Loading from file system: jar:file:///C:/Users/Pc/.m2/repository/com/github/almasb/fxgl/17.3/fxgl-17.3.jar!/fxglassets/ui/fonts/TerminalLandMono-Regular.otf
17:18:44.219 [FXGL Background Thread 4 ] DEBUG FXGLAssetLoaderServi - Loading from file system: jar:file:///C:/Users/Pc/.m2/repository/com/github/almasb/fxgl/17.3/fxgl-17.3.jar!/fxglassets/ui/fonts/Courier-Prime.ttf
17:18:44.254 [JavaFX Application Thread] DEBUG FXGLAssetLoaderServi - Loading from file system: jar:file:///C:/Users/Pc/.m2/repository/com/github/almasb/fxgl/17.3/fxgl-17.3.jar!/fxglassets/textures/fxgl_default_cursor.png
17:18:44.269 [JavaFX Application Thread] DEBUG Input                - Registered new binding: Screenshot - CTRL+8
17:18:44.270 [JavaFX Application Thread] DEBUG Input                - Registered new binding: System info dump - CTRL+9
17:18:44.270 [JavaFX Application Thread] DEBUG Input                - Registered new binding: Restart - CTRL+R
17:18:44.271 [JavaFX Application Thread] DEBUG Input                - Registered new binding: Toggle Debug Camera - CTRL+7
17:18:44.279 [JavaFX Application Thread] DEBUG LoopRunner           - Starting loop
17:18:44.280 [JavaFX Application Thread] DEBUG LoopRunner           - Initializing JavaFX AnimationTimerLoop
17:18:44.284 [JavaFX Application Thread] DEBUG GameApplicationServi - Starting new game
17:18:44.285 [JavaFX Application Thread] DEBUG Input                - Clearing active input actions
17:18:44.331 [JavaFX Application Thread] DEBUG GameApplicationServi - Removing overlay from FXGLStartupScene and adding to FXGLLoadingScene
17:18:44.332 [JavaFX Application Thread] DEBUG PrimaryStageWindow   - FXGLStartupScene -> FXGLLoadingScene
17:18:44.332 [JavaFX Application Thread] DEBUG GameApplicationServi - Clearing previous game
17:18:44.332 [JavaFX Application Thread] DEBUG GameScene            - Clearing game scene
17:18:44.332 [JavaFX Application Thread] DEBUG GameWorld            - Clearing game world
17:18:44.333 [JavaFX Application Thread] DEBUG PhysicsWorld         - Clearing physics world
17:18:44.335 [FXGL Background Thread 4 ] DEBUG FXGLApplication      - Initializing game
17:18:44.335 [JavaFX Application Thread] DEBUG FXGLApplication      - Registering font factories with UI factory
17:18:44.437 [FXGL Background Thread 4 ] INFO  FXGLApplication      - Game initialization took: 0.102 sec
17:18:44.471 [JavaFX Application Thread] DEBUG Input                - Clearing active input actions
17:18:44.488 [JavaFX Application Thread] DEBUG GameApplicationServi - Removing overlay from FXGLLoadingScene and adding to GameScene
17:18:44.488 [JavaFX Application Thread] DEBUG PrimaryStageWindow   - FXGLLoadingScene -> GameScene
17:18:45.711 [FXGL Background Thread 2 ] INFO  UpdaterService       - Your current version:  17.3
17:18:45.712 [FXGL Background Thread 2 ] INFO  UpdaterService       - Latest stable version: 21.1
17:18:47.096 [FXGL Background Thread 3 ] DEBUG Engine               - Logging environment variables
17:18:47.099 [FXGL Background Thread 3 ] DEBUG Engine               - achievements: []
17:18:47.099 [FXGL Background Thread 3 ] DEBUG Engine               - actualHeight: 600.0
17:18:47.100 [FXGL Background Thread 3 ] DEBUG Engine               - actualHeightProperty: ReadOnlyDoubleProperty [value: 600.0]
17:18:47.100 [FXGL Background Thread 3 ] DEBUG Engine               - actualWidth: 800.0
17:18:47.101 [FXGL Background Thread 3 ] DEBUG Engine               - actualWidthProperty: ReadOnlyDoubleProperty [value: 800.0]
17:18:47.101 [FXGL Background Thread 3 ] DEBUG Engine               - appIcon: fxgl_icon.png
17:18:47.101 [FXGL Background Thread 3 ] DEBUG Engine               - applicationMode: DEVELOPER
17:18:47.101 [FXGL Background Thread 3 ] DEBUG Engine               - cSSList: [fxgl_dark.css]
17:18:47.101 [FXGL Background Thread 3 ] DEBUG Engine               - collisionDetectionStrategy: BRUTE_FORCE
17:18:47.101 [FXGL Background Thread 3 ] DEBUG Engine               - configClass: Optional.empty
17:18:47.101 [FXGL Background Thread 3 ] DEBUG Engine               - credits: []
17:18:47.102 [FXGL Background Thread 3 ] DEBUG Engine               - defaultCursor: CursorInfo(imageName=fxgl_default_cursor.png, hotspotX=7.0, hotspotY=6.0)
17:18:47.102 [FXGL Background Thread 3 ] DEBUG Engine               - devBBoxColorProperty: ObjectProperty [value: 0xff0000ff]
17:18:47.102 [FXGL Background Thread 3 ] DEBUG Engine               - devEnableDebugCameraProperty: BooleanProperty [value: false]
17:18:47.103 [FXGL Background Thread 3 ] DEBUG Engine               - devSensorColorProperty: ObjectProperty [value: 0xffff00ff]
17:18:47.105 [FXGL Background Thread 3 ] DEBUG Engine               - devShowBBoxProperty: BooleanProperty [value: false]
17:18:47.105 [FXGL Background Thread 3 ] DEBUG Engine               - devShowPositionProperty: BooleanProperty [value: false]
17:18:47.105 [FXGL Background Thread 3 ] DEBUG Engine               - enabledMenuItems: []
17:18:47.105 [FXGL Background Thread 3 ] DEBUG Engine               - engineServices: [class com.almasb.fxgl.app.services.FXGLAssetLoaderService, class com.almasb.fxgl.app.FXGLApplication$GameApplicationService, class com.almasb.fxgl.app.services.FXGLDialogService, class com.almasb.fxgl.app.services.IOTaskExecutorService, class com.almasb.fxgl.io.FileSystemService, class com.almasb.fxgl.localization.LocalizationService, class com.almasb.fxgl.app.services.SystemBundleService, class com.almasb.fxgl.profile.SaveLoadService, class com.almasb.fxgl.ui.FXGLUIFactoryServiceProvider, class com.almasb.fxgl.ui.FXGLDialogFactoryServiceProvider, class com.almasb.fxgl.audio.AudioPlayer, class com.almasb.fxgl.notification.impl.NotificationServiceProvider, class com.almasb.fxgl.achievement.AchievementService, class com.almasb.fxgl.cutscene.CutsceneService, class com.almasb.fxgl.minigames.MiniGameService, class com.almasb.fxgl.net.NetService, class com.almasb.fxgl.app.services.UpdaterService, class com.almasb.fxgl.dev.DevService]
17:18:47.106 [FXGL Background Thread 3 ] DEBUG Engine               - fontGame: Abel-Regular.ttf
17:18:47.106 [FXGL Background Thread 3 ] DEBUG Engine               - fontMono: TerminalLandMono-Regular.otf
17:18:47.106 [FXGL Background Thread 3 ] DEBUG Engine               - fontSizeScaleUI: 1.0
17:18:47.106 [FXGL Background Thread 3 ] DEBUG Engine               - fontText: Courier-Prime.ttf
17:18:47.106 [FXGL Background Thread 3 ] DEBUG Engine               - fontUI: VarelaRound-Regular.ttf
17:18:47.106 [FXGL Background Thread 3 ] DEBUG Engine               - fullScreen: BooleanProperty [value: false]
17:18:47.106 [FXGL Background Thread 3 ] DEBUG Engine               - gameDifficulty: MEDIUM
17:18:47.106 [FXGL Background Thread 3 ] DEBUG Engine               - gameDifficultyProperty: ObjectProperty [value: MEDIUM]
17:18:47.106 [FXGL Background Thread 3 ] DEBUG Engine               - globalMusicVolume: 0.5
17:18:47.107 [FXGL Background Thread 3 ] DEBUG Engine               - globalMusicVolumeProperty: DoubleProperty [value: 0.5]
17:18:47.107 [FXGL Background Thread 3 ] DEBUG Engine               - globalSoundVolume: 0.5
17:18:47.107 [FXGL Background Thread 3 ] DEBUG Engine               - globalSoundVolumeProperty: DoubleProperty [value: 0.5]
17:18:47.107 [FXGL Background Thread 3 ] DEBUG Engine               - height: 600
17:18:47.107 [FXGL Background Thread 3 ] DEBUG Engine               - is3D: false
17:18:47.107 [FXGL Background Thread 3 ] DEBUG Engine               - isAndroid: false
17:18:47.107 [FXGL Background Thread 3 ] DEBUG Engine               - isBrowser: false
17:18:47.107 [FXGL Background Thread 3 ] DEBUG Engine               - isClickFeedbackEnabled: false
17:18:47.107 [FXGL Background Thread 3 ] DEBUG Engine               - isCloseConfirmation: false
17:18:47.107 [FXGL Background Thread 3 ] DEBUG Engine               - isDesktop: true
17:18:47.108 [FXGL Background Thread 3 ] DEBUG Engine               - isDeveloperMenuEnabled: false
17:18:47.108 [FXGL Background Thread 3 ] DEBUG Engine               - isEmbedded: false
17:18:47.108 [FXGL Background Thread 3 ] DEBUG Engine               - isEntityPreloadEnabled: true
17:18:47.108 [FXGL Background Thread 3 ] DEBUG Engine               - isExperimentalTiledLargeMap: false
17:18:47.108 [FXGL Background Thread 3 ] DEBUG Engine               - isFileSystemWriteAllowed: true
17:18:47.108 [FXGL Background Thread 3 ] DEBUG Engine               - isFullScreenAllowed: false
17:18:47.108 [FXGL Background Thread 3 ] DEBUG Engine               - isFullScreenFromStart: false
17:18:47.108 [FXGL Background Thread 3 ] DEBUG Engine               - isGameMenuEnabled: true
17:18:47.110 [FXGL Background Thread 3 ] DEBUG Engine               - isIOS: false
17:18:47.110 [FXGL Background Thread 3 ] DEBUG Engine               - isIntroEnabled: false
17:18:47.110 [FXGL Background Thread 3 ] DEBUG Engine               - isLinux: false
17:18:47.111 [FXGL Background Thread 3 ] DEBUG Engine               - isMac: false
17:18:47.111 [FXGL Background Thread 3 ] DEBUG Engine               - isMainMenuEnabled: false
17:18:47.111 [FXGL Background Thread 3 ] DEBUG Engine               - isManualResizeEnabled: false
17:18:47.111 [FXGL Background Thread 3 ] DEBUG Engine               - isMobile: false
17:18:47.111 [FXGL Background Thread 3 ] DEBUG Engine               - isNative: false
17:18:47.111 [FXGL Background Thread 3 ] DEBUG Engine               - isPauseMusicWhenMinimized: true
17:18:47.111 [FXGL Background Thread 3 ] DEBUG Engine               - isPreserveResizeRatio: false
17:18:47.111 [FXGL Background Thread 3 ] DEBUG Engine               - isProfilingEnabled: false
17:18:47.111 [FXGL Background Thread 3 ] DEBUG Engine               - isScaleAffectedOnResize: true
17:18:47.112 [FXGL Background Thread 3 ] DEBUG Engine               - isSingleStep: false
17:18:47.112 [FXGL Background Thread 3 ] DEBUG Engine               - isUserProfileEnabled: false
17:18:47.112 [FXGL Background Thread 3 ] DEBUG Engine               - isWindows: true
17:18:47.112 [FXGL Background Thread 3 ] DEBUG Engine               - language: ObjectProperty [value: ENGLISH]
17:18:47.112 [FXGL Background Thread 3 ] DEBUG Engine               - menuKey: ESCAPE
17:18:47.112 [FXGL Background Thread 3 ] DEBUG Engine               - mouseSensitivity: 0.2
17:18:47.112 [FXGL Background Thread 3 ] DEBUG Engine               - notificationViewClass: class com.almasb.fxgl.notification.view.XboxNotificationView
17:18:47.112 [FXGL Background Thread 3 ] DEBUG Engine               - pixelsPerMeter: 50.0
17:18:47.114 [FXGL Background Thread 3 ] DEBUG Engine               - platform: WINDOWS
17:18:47.115 [FXGL Background Thread 3 ] DEBUG Engine               - prefHeightProperty: ReadOnlyDoubleProperty [value: 600.0]
17:18:47.115 [FXGL Background Thread 3 ] DEBUG Engine               - prefWidthProperty: ReadOnlyDoubleProperty [value: 800.0]
17:18:47.115 [FXGL Background Thread 3 ] DEBUG Engine               - profileDir: profiles/
17:18:47.115 [FXGL Background Thread 3 ] DEBUG Engine               - profileName: StringProperty [value: DEFAULT]
17:18:47.115 [FXGL Background Thread 3 ] DEBUG Engine               - randomSeed: -1
17:18:47.116 [FXGL Background Thread 3 ] DEBUG Engine               - runtimeInfo: RuntimeInfo(platform=WINDOWS, version=17.3, build=30.03.2023 11.49)
17:18:47.117 [FXGL Background Thread 3 ] DEBUG Engine               - saveFileExt: sav
17:18:47.117 [FXGL Background Thread 3 ] DEBUG Engine               - scaledHeightProp$fxgl: DoubleProperty [bound, value: 600.0]
17:18:47.117 [FXGL Background Thread 3 ] DEBUG Engine               - scaledWidthProp$fxgl: DoubleProperty [bound, value: 800.0]
17:18:47.118 [FXGL Background Thread 3 ] DEBUG Engine               - sceneFactory: com.almasb.fxgl.app.scene.SceneFactory@75464346
17:18:47.118 [FXGL Background Thread 3 ] DEBUG Engine               - secondsIn24h: 60
17:18:47.118 [FXGL Background Thread 3 ] DEBUG Engine               - soundMenuBack: menu/back.wav
17:18:47.119 [FXGL Background Thread 3 ] DEBUG Engine               - soundMenuPress: menu/press.wav
17:18:47.119 [FXGL Background Thread 3 ] DEBUG Engine               - soundMenuSelect: menu/select.wav
17:18:47.119 [FXGL Background Thread 3 ] DEBUG Engine               - soundNotification: core/notification.wav
17:18:47.119 [FXGL Background Thread 3 ] DEBUG Engine               - stageStyle: DECORATED
17:18:47.119 [FXGL Background Thread 3 ] DEBUG Engine               - supportedLanguages: [ENGLISH, FRENCH, GERMAN, HUNGARIAN, RUSSIAN]
17:18:47.119 [FXGL Background Thread 3 ] DEBUG Engine               - ticksPerSecond: -1
17:18:47.119 [FXGL Background Thread 3 ] DEBUG Engine               - title: Mi Primer Juego FXGL
17:18:47.119 [FXGL Background Thread 3 ] DEBUG Engine               - urlGithub: https://github.com/AlmasB/FXGL
17:18:47.119 [FXGL Background Thread 3 ] DEBUG Engine               - urlLeaderboard: http://fxgl-top.herokuapp.com/
17:18:47.119 [FXGL Background Thread 3 ] DEBUG Engine               - urlPOM: https://raw.githubusercontent.com/AlmasB/FXGL/release/README.md
17:18:47.120 [FXGL Background Thread 3 ] DEBUG Engine               - userAppClass: class org.example.demo1.app.MainGame
17:18:47.120 [FXGL Background Thread 3 ] DEBUG Engine               - version: 0.1
17:18:47.120 [FXGL Background Thread 3 ] DEBUG Engine               - versionCheckDays: 7
17:18:47.120 [FXGL Background Thread 3 ] DEBUG Engine               - width: 800
17:18:47.120 [FXGL Background Thread 3 ] DEBUG Engine               - Logging services
17:18:47.120 [FXGL Background Thread 3 ] DEBUG Engine               - class com.almasb.fxgl.app.services.FXGLAssetLoaderService
17:18:47.120 [FXGL Background Thread 3 ] DEBUG Engine               - class com.almasb.fxgl.app.FXGLApplication$GameApplicationService
17:18:47.120 [FXGL Background Thread 3 ] DEBUG Engine               - class com.almasb.fxgl.app.services.FXGLDialogService
17:18:47.120 [FXGL Background Thread 3 ] DEBUG Engine               - class com.almasb.fxgl.app.services.IOTaskExecutorService
17:18:47.121 [FXGL Background Thread 3 ] DEBUG Engine               - class com.almasb.fxgl.io.FileSystemService
17:18:47.121 [FXGL Background Thread 3 ] DEBUG Engine               - class com.almasb.fxgl.localization.LocalizationService
17:18:47.121 [FXGL Background Thread 3 ] DEBUG Engine               - class com.almasb.fxgl.app.services.SystemBundleService
17:18:47.121 [FXGL Background Thread 3 ] DEBUG Engine               - class com.almasb.fxgl.profile.SaveLoadService
17:18:47.121 [FXGL Background Thread 3 ] DEBUG Engine               - class com.almasb.fxgl.ui.FXGLUIFactoryServiceProvider
17:18:47.121 [FXGL Background Thread 3 ] DEBUG Engine               - class com.almasb.fxgl.ui.FXGLDialogFactoryServiceProvider
17:18:47.121 [FXGL Background Thread 3 ] DEBUG Engine               - class com.almasb.fxgl.audio.AudioPlayer
17:18:47.121 [FXGL Background Thread 3 ] DEBUG Engine               - class com.almasb.fxgl.notification.impl.NotificationServiceProvider
17:18:47.121 [FXGL Background Thread 3 ] DEBUG Engine               - class com.almasb.fxgl.achievement.AchievementService
17:18:47.121 [FXGL Background Thread 3 ] DEBUG Engine               - class com.almasb.fxgl.cutscene.CutsceneService
17:18:47.121 [FXGL Background Thread 3 ] DEBUG Engine               - class com.almasb.fxgl.minigames.MiniGameService
17:18:47.121 [FXGL Background Thread 3 ] DEBUG Engine               - class com.almasb.fxgl.net.NetService
17:18:47.121 [FXGL Background Thread 3 ] DEBUG Engine               - class com.almasb.fxgl.app.services.UpdaterService
17:18:47.121 [FXGL Background Thread 3 ] DEBUG Engine               - class com.almasb.fxgl.dev.DevService
17:19:00.707 [JavaFX Application Thread] DEBUG PrimaryStageWindow   - Push state: DialogSubScene
17:19:00.708 [JavaFX Application Thread] DEBUG Input                - Clearing active input actions
17:19:00.724 [JavaFX Application Thread] DEBUG GameApplicationServi - Removing overlay from GameScene and adding to DialogSubScene
17:19:00.725 [JavaFX Application Thread] DEBUG PrimaryStageWindow   - GameScene -> DialogSubScene
17:19:03.991 [JavaFX Application Thread] DEBUG PrimaryStageWindow   - Pop state: DialogSubScene
17:19:03.991 [JavaFX Application Thread] DEBUG Input                - Clearing active input actions
17:19:03.993 [JavaFX Application Thread] DEBUG GameApplicationServi - Removing overlay from DialogSubScene and adding to GameScene
17:19:03.995 [JavaFX Application Thread] DEBUG PrimaryStageWindow   - GameScene <- DialogSubScene
17:19:03.995 [JavaFX Application Thread] DEBUG GameApplicationServi - Starting new game
17:19:03.995 [JavaFX Application Thread] DEBUG Input                - Clearing active input actions
17:19:04.026 [JavaFX Application Thread] DEBUG GameApplicationServi - Removing overlay from GameScene and adding to FXGLLoadingScene
17:19:04.026 [JavaFX Application Thread] DEBUG PrimaryStageWindow   - GameScene -> FXGLLoadingScene
17:19:04.026 [JavaFX Application Thread] DEBUG GameApplicationServi - Clearing previous game
17:19:04.027 [JavaFX Application Thread] DEBUG GameScene            - Clearing game scene
17:19:04.027 [JavaFX Application Thread] DEBUG GameWorld            - Clearing game world
17:19:04.030 [JavaFX Application Thread] DEBUG PhysicsWorld         - Clearing physics world
17:19:04.031 [FXGL Background Thread 2 ] DEBUG FXGLApplication      - Initializing game
17:19:04.039 [FXGL Background Thread 2 ] INFO  FXGLApplication      - Game initialization took: 0.008 sec
17:19:04.046 [JavaFX Application Thread] DEBUG Input                - Clearing active input actions
17:19:04.066 [JavaFX Application Thread] DEBUG GameApplicationServi - Removing overlay from FXGLLoadingScene and adding to GameScene
17:19:04.067 [JavaFX Application Thread] DEBUG PrimaryStageWindow   - FXGLLoadingScene -> GameScene
17:19:13.661 [JavaFX Application Thread] DEBUG PrimaryStageWindow   - Push state: DialogSubScene
17:19:13.661 [JavaFX Application Thread] DEBUG Input                - Clearing active input actions
17:19:13.668 [JavaFX Application Thread] DEBUG GameApplicationServi - Removing overlay from GameScene and adding to DialogSubScene
17:19:13.669 [JavaFX Application Thread] DEBUG PrimaryStageWindow   - GameScene -> DialogSubScene
17:19:14.993 [JavaFX Application Thread] DEBUG PrimaryStageWindow   - Pop state: DialogSubScene
17:19:14.993 [JavaFX Application Thread] DEBUG Input                - Clearing active input actions
17:19:14.994 [JavaFX Application Thread] DEBUG GameApplicationServi - Removing overlay from DialogSubScene and adding to GameScene
17:19:14.995 [JavaFX Application Thread] DEBUG PrimaryStageWindow   - GameScene <- DialogSubScene
17:19:14.995 [JavaFX Application Thread] DEBUG GameApplicationServi - Starting new game
17:19:14.995 [JavaFX Application Thread] DEBUG Input                - Clearing active input actions
17:19:15.004 [JavaFX Application Thread] DEBUG GameApplicationServi - Removing overlay from GameScene and adding to FXGLLoadingScene
17:19:15.005 [JavaFX Application Thread] DEBUG PrimaryStageWindow   - GameScene -> FXGLLoadingScene
17:19:15.005 [JavaFX Application Thread] DEBUG GameApplicationServi - Clearing previous game
17:19:15.005 [JavaFX Application Thread] DEBUG GameScene            - Clearing game scene
17:19:15.005 [JavaFX Application Thread] DEBUG GameWorld            - Clearing game world
17:19:15.005 [JavaFX Application Thread] DEBUG PhysicsWorld         - Clearing physics world
17:19:15.006 [FXGL Background Thread 2 ] DEBUG FXGLApplication      - Initializing game
17:19:15.010 [FXGL Background Thread 2 ] INFO  FXGLApplication      - Game initialization took: 0.004 sec
17:19:15.017 [JavaFX Application Thread] DEBUG Input                - Clearing active input actions
17:19:15.023 [JavaFX Application Thread] DEBUG GameApplicationServi - Removing overlay from FXGLLoadingScene and adding to GameScene
17:19:15.023 [JavaFX Application Thread] DEBUG PrimaryStageWindow   - FXGLLoadingScene -> GameScene
17:19:17.215 [JavaFX Application Thread] DEBUG FXGLApplication      - Exiting FXGL
17:19:17.215 [JavaFX Application Thread] DEBUG LoopRunner           - Stopping loop
17:19:17.216 [JavaFX Application Thread] DEBUG SystemBundleService  - Saving FXGL system data
17:19:17.220 [JavaFX Application Thread] DEBUG FileSystemAccess     - Writing to: C:\Users\Pc\Programación\demo1\system\fxgl.bundle
17:19:17.225 [JavaFX Application Thread] DEBUG Async                - Shutting down background threads
17:19:17.225 [JavaFX Application Thread] DEBUG PrimaryStageWindow   - Closing main window
17:19:17.267 [JavaFX Application Thread] DEBUG Logger               - Closing Logger
